This file contains any messages produced by compilers while
running configure, to aid debugging if configure makes a mistake.

It was created by openocd configure 0.10.0, which was
generated by GNU Autoconf 2.69.  Invocation command line was

  $ ./configure --enable-ftdi --enable-stlink --enable-ti-icdi --enable-jlink --enable-cmsis-dap

## --------- ##
## Platform. ##
## --------- ##

hostname = pi3
uname -m = armv7l
uname -r = 4.9.35-v7+
uname -s = Linux
uname -v = #1014 SMP Fri Jun 30 14:47:43 BST 2017

/usr/bin/uname -p = unknown
/bin/uname -X     = unknown

/bin/arch              = unknown
/usr/bin/arch -k       = unknown
/usr/convex/getsysinfo = unknown
/usr/bin/hostinfo      = unknown
/bin/machine           = unknown
/usr/bin/oslevel       = unknown
/bin/universe          = unknown

PATH: /usr/local/sbin
PATH: /usr/local/bin
PATH: /usr/sbin
PATH: /usr/bin
PATH: /sbin
PATH: /bin


## ----------- ##
## Core tests. ##
## ----------- ##

configure:2564: checking for makeinfo
configure:2594: result: no
configure:2602: WARNING: Info documentation will not be built.
configure:2653: checking for a BSD-compatible install
configure:2721: result: /usr/bin/install -c
configure:2732: checking whether build environment is sane
configure:2787: result: yes
configure:2938: checking for a thread-safe mkdir -p
configure:2977: result: /bin/mkdir -p
configure:2984: checking for gawk
configure:3000: found /usr/bin/gawk
configure:3011: result: gawk
configure:3022: checking whether make sets $(MAKE)
configure:3044: result: yes
configure:3073: checking whether make supports nested variables
configure:3090: result: yes
configure:3275: checking for gcc
configure:3291: found /usr/bin/gcc
configure:3302: result: gcc
configure:3531: checking for C compiler version
configure:3540: gcc --version >&5
gcc (Raspbian 4.9.2-10+deb8u2) 4.9.2
Copyright (C) 2014 Free Software Foundation, Inc.
This is free software; see the source for copying conditions.  There is NO
warranty; not even for MERCHANTABILITY or FITNESS FOR A PARTICULAR PURPOSE.

configure:3551: $? = 0
configure:3540: gcc -v >&5
Using built-in specs.
COLLECT_GCC=gcc
COLLECT_LTO_WRAPPER=/usr/lib/gcc/arm-linux-gnueabihf/4.9/lto-wrapper
Target: arm-linux-gnueabihf
Configured with: ../src/configure -v --with-pkgversion='Raspbian 4.9.2-10+deb8u2' --with-bugurl=file:///usr/share/doc/gcc-4.9/README.Bugs --enable-languages=c,c++,java,go,d,fortran,objc,obj-c++ --prefix=/usr --program-suffix=-4.9 --enable-shared --enable-linker-build-id --libexecdir=/usr/lib --without-included-gettext --enable-threads=posix --with-gxx-include-dir=/usr/include/c++/4.9 --libdir=/usr/lib --enable-nls --with-sysroot=/ --enable-clocale=gnu --enable-libstdcxx-debug --enable-libstdcxx-time=yes --enable-gnu-unique-object --disable-libitm --disable-libquadmath --enable-plugin --with-system-zlib --disable-browser-plugin --enable-java-awt=gtk --enable-gtk-cairo --with-java-home=/usr/lib/jvm/java-1.5.0-gcj-4.9-armhf/jre --enable-java-home --with-jvm-root-dir=/usr/lib/jvm/java-1.5.0-gcj-4.9-armhf --with-jvm-jar-dir=/usr/lib/jvm-exports/java-1.5.0-gcj-4.9-armhf --with-arch-directory=arm --with-ecj-jar=/usr/share/java/eclipse-ecj.jar --enable-objc-gc --enable-multiarch --disable-sjlj-exceptions --with-arch=armv6 --with-fpu=vfp --with-float=hard --enable-checking=release --build=arm-linux-gnueabihf --host=arm-linux-gnueabihf --target=arm-linux-gnueabihf
Thread model: posix
gcc version 4.9.2 (Raspbian 4.9.2-10+deb8u2) 
configure:3551: $? = 0
configure:3540: gcc -V >&5
gcc: error: unrecognized command line option '-V'
gcc: fatal error: no input files
compilation terminated.
configure:3551: $? = 4
configure:3540: gcc -qversion >&5
gcc: error: unrecognized command line option '-qversion'
gcc: fatal error: no input files
compilation terminated.
configure:3551: $? = 4
configure:3571: checking whether the C compiler works
configure:3593: gcc    conftest.c  >&5
configure:3597: $? = 0
configure:3645: result: yes
configure:3648: checking for C compiler default output file name
configure:3650: result: a.out
configure:3656: checking for suffix of executables
configure:3663: gcc -o conftest    conftest.c  >&5
configure:3667: $? = 0
configure:3689: result: 
configure:3711: checking whether we are cross compiling
configure:3719: gcc -o conftest    conftest.c  >&5
configure:3723: $? = 0
configure:3730: ./conftest
configure:3734: $? = 0
configure:3749: result: no
configure:3754: checking for suffix of object files
configure:3776: gcc -c   conftest.c >&5
configure:3780: $? = 0
configure:3801: result: o
configure:3805: checking whether we are using the GNU C compiler
configure:3824: gcc -c   conftest.c >&5
configure:3824: $? = 0
configure:3833: result: yes
configure:3842: checking whether gcc accepts -g
configure:3862: gcc -c -g  conftest.c >&5
configure:3862: $? = 0
configure:3903: result: yes
configure:3920: checking for gcc option to accept ISO C89
configure:3983: gcc  -c -g -O2  conftest.c >&5
configure:3983: $? = 0
configure:3996: result: none needed
configure:4021: checking whether gcc understands -c and -o together
configure:4043: gcc -c conftest.c -o conftest2.o
configure:4046: $? = 0
configure:4043: gcc -c conftest.c -o conftest2.o
configure:4046: $? = 0
configure:4058: result: yes
configure:4086: checking for style of include used by make
configure:4114: result: GNU
configure:4140: checking dependency style of gcc
configure:4251: result: gcc3
configure:4266: checking for gcc option to accept ISO C99
configure:4415: gcc  -c -g -O2  conftest.c >&5
conftest.c:61:29: error: expected ';', ',' or ')' before 'text'
 test_restrict (ccp restrict text)
                             ^
conftest.c: In function 'main':
conftest.c:115:18: error: expected '=', ',', ';', 'asm' or '__attribute__' before 'newvar'
   char *restrict newvar = "Another string";
                  ^
conftest.c:115:18: error: 'newvar' undeclared (first use in this function)
conftest.c:115:18: note: each undeclared identifier is reported only once for each function it appears in
conftest.c:125:3: error: 'for' loop initial declarations are only allowed in C99 or C11 mode
   for (int i = 0; i < ia->datasize; ++i)
   ^
conftest.c:125:3: note: use option -std=c99, -std=gnu99, -std=c11 or -std=gnu11 to compile your code
configure:4415: $? = 1
configure: failed program was:
| /* confdefs.h */
| #define PACKAGE_NAME "openocd"
| #define PACKAGE_TARNAME "openocd"
| #define PACKAGE_VERSION "0.10.0"
| #define PACKAGE_STRING "openocd 0.10.0"
| #define PACKAGE_BUGREPORT "OpenOCD Mailing List <openocd-devel@lists.sourceforge.net>"
| #define PACKAGE_URL ""
| #define PACKAGE "openocd"
| #define VERSION "0.10.0"
| /* end confdefs.h.  */
| #include <stdarg.h>
| #include <stdbool.h>
| #include <stdlib.h>
| #include <wchar.h>
| #include <stdio.h>
| 
| // Check varargs macros.  These examples are taken from C99 6.10.3.5.
| #define debug(...) fprintf (stderr, __VA_ARGS__)
| #define showlist(...) puts (#__VA_ARGS__)
| #define report(test,...) ((test) ? puts (#test) : printf (__VA_ARGS__))
| static void
| test_varargs_macros (void)
| {
|   int x = 1234;
|   int y = 5678;
|   debug ("Flag");
|   debug ("X = %d\n", x);
|   showlist (The first, second, and third items.);
|   report (x>y, "x is %d but y is %d", x, y);
| }
| 
| // Check long long types.
| #define BIG64 18446744073709551615ull
| #define BIG32 4294967295ul
| #define BIG_OK (BIG64 / BIG32 == 4294967297ull && BIG64 % BIG32 == 0)
| #if !BIG_OK
|   your preprocessor is broken;
| #endif
| #if BIG_OK
| #else
|   your preprocessor is broken;
| #endif
| static long long int bignum = -9223372036854775807LL;
| static unsigned long long int ubignum = BIG64;
| 
| struct incomplete_array
| {
|   int datasize;
|   double data[];
| };
| 
| struct named_init {
|   int number;
|   const wchar_t *name;
|   double average;
| };
| 
| typedef const char *ccp;
| 
| static inline int
| test_restrict (ccp restrict text)
| {
|   // See if C++-style comments work.
|   // Iterate through items via the restricted pointer.
|   // Also check for declarations in for loops.
|   for (unsigned int i = 0; *(text+i) != '\0'; ++i)
|     continue;
|   return 0;
| }
| 
| // Check varargs and va_copy.
| static void
| test_varargs (const char *format, ...)
| {
|   va_list args;
|   va_start (args, format);
|   va_list args_copy;
|   va_copy (args_copy, args);
| 
|   const char *str;
|   int number;
|   float fnumber;
| 
|   while (*format)
|     {
|       switch (*format++)
| 	{
| 	case 's': // string
| 	  str = va_arg (args_copy, const char *);
| 	  break;
| 	case 'd': // int
| 	  number = va_arg (args_copy, int);
| 	  break;
| 	case 'f': // float
| 	  fnumber = va_arg (args_copy, double);
| 	  break;
| 	default:
| 	  break;
| 	}
|     }
|   va_end (args_copy);
|   va_end (args);
| }
| 
| int
| main ()
| {
| 
|   // Check bool.
|   _Bool success = false;
| 
|   // Check restrict.
|   if (test_restrict ("String literal") == 0)
|     success = true;
|   char *restrict newvar = "Another string";
| 
|   // Check varargs.
|   test_varargs ("s, d' f .", "string", 65, 34.234);
|   test_varargs_macros ();
| 
|   // Check flexible array members.
|   struct incomplete_array *ia =
|     malloc (sizeof (struct incomplete_array) + (sizeof (double) * 10));
|   ia->datasize = 10;
|   for (int i = 0; i < ia->datasize; ++i)
|     ia->data[i] = i * 1.234;
| 
|   // Check named initializers.
|   struct named_init ni = {
|     .number = 34,
|     .name = L"Test wide string",
|     .average = 543.34343,
|   };
| 
|   ni.number = 58;
| 
|   int dynamic_array[ni.number];
|   dynamic_array[ni.number - 1] = 543;
| 
|   // work around unused variable warnings
|   return (!success || bignum == 0LL || ubignum == 0uLL || newvar[0] == 'x'
| 	  || dynamic_array[ni.number - 1] != 543);
| 
|   ;
|   return 0;
| }
configure:4415: gcc -std=gnu99 -c -g -O2  conftest.c >&5
configure:4415: $? = 0
configure:4435: result: -std=gnu99
configure:4487: checking for ranlib
configure:4503: found /usr/bin/ranlib
configure:4514: result: ranlib
configure:4590: checking for pkg-config
configure:4608: found /usr/bin/pkg-config
configure:4620: result: /usr/bin/pkg-config
configure:4645: checking pkg-config is at least version 0.23
configure:4648: result: yes
configure:4720: checking build system type
configure:4734: result: armv7l-unknown-linux-gnueabihf
configure:4754: checking host system type
configure:4767: result: armv7l-unknown-linux-gnueabihf
configure:4808: checking how to print strings
configure:4835: result: printf
configure:4856: checking for a sed that does not truncate output
configure:4920: result: /bin/sed
configure:4938: checking for grep that handles long lines and -e
configure:4996: result: /bin/grep
configure:5001: checking for egrep
configure:5063: result: /bin/grep -E
configure:5068: checking for fgrep
configure:5130: result: /bin/grep -F
configure:5165: checking for ld used by gcc -std=gnu99
configure:5232: result: /usr/bin/ld
configure:5239: checking if the linker (/usr/bin/ld) is GNU ld
configure:5254: result: yes
configure:5266: checking for BSD- or MS-compatible name lister (nm)
configure:5320: result: /usr/bin/nm -B
configure:5450: checking the name lister (/usr/bin/nm -B) interface
configure:5457: gcc -std=gnu99 -c -g -O2  conftest.c >&5
configure:5460: /usr/bin/nm -B "conftest.o"
configure:5463: output
00000000 B some_variable
configure:5470: result: BSD nm
configure:5473: checking whether ln -s works
configure:5477: result: yes
configure:5485: checking the maximum length of command line arguments
configure:5616: result: 1572864
configure:5664: checking how to convert armv7l-unknown-linux-gnueabihf file names to armv7l-unknown-linux-gnueabihf format
configure:5704: result: func_convert_file_noop
configure:5711: checking how to convert armv7l-unknown-linux-gnueabihf file names to toolchain format
configure:5731: result: func_convert_file_noop
configure:5738: checking for /usr/bin/ld option to reload object files
configure:5745: result: -r
configure:5819: checking for objdump
configure:5835: found /usr/bin/objdump
configure:5846: result: objdump
configure:5878: checking how to recognize dependent libraries
configure:6078: result: pass_all
configure:6163: checking for dlltool
configure:6193: result: no
configure:6223: checking how to associate runtime and link libraries
configure:6250: result: printf %s\n
configure:6311: checking for ar
configure:6327: found /usr/bin/ar
configure:6338: result: ar
configure:6375: checking for archiver @FILE support
configure:6392: gcc -std=gnu99 -c -g -O2  conftest.c >&5
configure:6392: $? = 0
configure:6395: ar cru libconftest.a @conftest.lst >&5
configure:6398: $? = 0
configure:6403: ar cru libconftest.a @conftest.lst >&5
ar: conftest.o: No such file or directory
configure:6406: $? = 1
configure:6418: result: @
configure:6476: checking for strip
configure:6492: found /usr/bin/strip
configure:6503: result: strip
configure:6575: checking for ranlib
configure:6602: result: ranlib
configure:6704: checking command to parse /usr/bin/nm -B output from gcc -std=gnu99 object
configure:6857: gcc -std=gnu99 -c -g -O2  conftest.c >&5
configure:6860: $? = 0
configure:6864: /usr/bin/nm -B conftest.o \| sed -n -e 's/^.*[ ]\([ABCDGIRSTW][ABCDGIRSTW]*\)[ ][ ]*\([_A-Za-z][_A-Za-z0-9]*\)$/\1 \2 \2/p' | sed '/ __gnu_lto/d' \> conftest.nm
configure:6867: $? = 0
configure:6933: gcc -std=gnu99 -o conftest -g -O2   conftest.c conftstm.o >&5
configure:6936: $? = 0
configure:6974: result: ok
configure:7021: checking for sysroot
configure:7051: result: no
configure:7058: checking for a working dd
configure:7096: result: /bin/dd
configure:7100: checking how to truncate binary pipes
configure:7115: result: /bin/dd bs=4096 count=1
configure:7444: checking for mt
configure:7460: found /bin/mt
configure:7471: result: mt
configure:7494: checking if mt is a manifest tool
configure:7500: mt '-?'
configure:7508: result: no
configure:8185: checking how to run the C preprocessor
configure:8216: gcc -std=gnu99 -E  conftest.c
configure:8216: $? = 0
configure:8230: gcc -std=gnu99 -E  conftest.c
conftest.c:11:28: fatal error: ac_nonexistent.h: No such file or directory
 #include <ac_nonexistent.h>
                            ^
compilation terminated.
configure:8230: $? = 1
configure: failed program was:
| /* confdefs.h */
| #define PACKAGE_NAME "openocd"
| #define PACKAGE_TARNAME "openocd"
| #define PACKAGE_VERSION "0.10.0"
| #define PACKAGE_STRING "openocd 0.10.0"
| #define PACKAGE_BUGREPORT "OpenOCD Mailing List <openocd-devel@lists.sourceforge.net>"
| #define PACKAGE_URL ""
| #define PACKAGE "openocd"
| #define VERSION "0.10.0"
| /* end confdefs.h.  */
| #include <ac_nonexistent.h>
configure:8255: result: gcc -std=gnu99 -E
configure:8275: gcc -std=gnu99 -E  conftest.c
configure:8275: $? = 0
configure:8289: gcc -std=gnu99 -E  conftest.c
conftest.c:11:28: fatal error: ac_nonexistent.h: No such file or directory
 #include <ac_nonexistent.h>
                            ^
compilation terminated.
configure:8289: $? = 1
configure: failed program was:
| /* confdefs.h */
| #define PACKAGE_NAME "openocd"
| #define PACKAGE_TARNAME "openocd"
| #define PACKAGE_VERSION "0.10.0"
| #define PACKAGE_STRING "openocd 0.10.0"
| #define PACKAGE_BUGREPORT "OpenOCD Mailing List <openocd-devel@lists.sourceforge.net>"
| #define PACKAGE_URL ""
| #define PACKAGE "openocd"
| #define VERSION "0.10.0"
| /* end confdefs.h.  */
| #include <ac_nonexistent.h>
configure:8318: checking for ANSI C header files
configure:8338: gcc -std=gnu99 -c -g -O2  conftest.c >&5
configure:8338: $? = 0
configure:8411: gcc -std=gnu99 -o conftest -g -O2   conftest.c  >&5
configure:8411: $? = 0
configure:8411: ./conftest
configure:8411: $? = 0
configure:8422: result: yes
configure:8435: checking for sys/types.h
configure:8435: gcc -std=gnu99 -c -g -O2  conftest.c >&5
configure:8435: $? = 0
configure:8435: result: yes
configure:8435: checking for sys/stat.h
configure:8435: gcc -std=gnu99 -c -g -O2  conftest.c >&5
configure:8435: $? = 0
configure:8435: result: yes
configure:8435: checking for stdlib.h
configure:8435: gcc -std=gnu99 -c -g -O2  conftest.c >&5
configure:8435: $? = 0
configure:8435: result: yes
configure:8435: checking for string.h
configure:8435: gcc -std=gnu99 -c -g -O2  conftest.c >&5
configure:8435: $? = 0
configure:8435: result: yes
configure:8435: checking for memory.h
configure:8435: gcc -std=gnu99 -c -g -O2  conftest.c >&5
configure:8435: $? = 0
configure:8435: result: yes
configure:8435: checking for strings.h
configure:8435: gcc -std=gnu99 -c -g -O2  conftest.c >&5
configure:8435: $? = 0
configure:8435: result: yes
configure:8435: checking for inttypes.h
configure:8435: gcc -std=gnu99 -c -g -O2  conftest.c >&5
configure:8435: $? = 0
configure:8435: result: yes
configure:8435: checking for stdint.h
configure:8435: gcc -std=gnu99 -c -g -O2  conftest.c >&5
configure:8435: $? = 0
configure:8435: result: yes
configure:8435: checking for unistd.h
configure:8435: gcc -std=gnu99 -c -g -O2  conftest.c >&5
configure:8435: $? = 0
configure:8435: result: yes
configure:8449: checking for dlfcn.h
configure:8449: gcc -std=gnu99 -c -g -O2  conftest.c >&5
configure:8449: $? = 0
configure:8449: result: yes
configure:8675: checking for objdir
configure:8690: result: .libs
configure:8950: checking if gcc -std=gnu99 supports -fno-rtti -fno-exceptions
configure:8968: gcc -std=gnu99 -c -g -O2  -fno-rtti -fno-exceptions conftest.c >&5
cc1: warning: command line option '-fno-rtti' is valid for C++/ObjC++ but not for C
configure:8972: $? = 0
configure:8985: result: no
configure:9343: checking for gcc -std=gnu99 option to produce PIC
configure:9350: result: -fPIC -DPIC
configure:9358: checking if gcc -std=gnu99 PIC flag -fPIC -DPIC works
configure:9376: gcc -std=gnu99 -c -g -O2  -fPIC -DPIC -DPIC conftest.c >&5
configure:9380: $? = 0
configure:9393: result: yes
configure:9422: checking if gcc -std=gnu99 static flag -static works
configure:9450: result: yes
configure:9465: checking if gcc -std=gnu99 supports -c -o file.o
configure:9486: gcc -std=gnu99 -c -g -O2  -o out/conftest2.o conftest.c >&5
configure:9490: $? = 0
configure:9512: result: yes
configure:9520: checking if gcc -std=gnu99 supports -c -o file.o
configure:9567: result: yes
configure:9600: checking whether the gcc -std=gnu99 linker (/usr/bin/ld) supports shared libraries
configure:10859: result: yes
configure:11099: checking dynamic linker characteristics
configure:11693: gcc -std=gnu99 -o conftest -g -O2   -Wl,-rpath -Wl,/foo conftest.c  >&5
configure:11693: $? = 0
configure:11930: result: GNU/Linux ld.so
configure:12052: checking how to hardcode library paths into programs
configure:12077: result: immediate
configure:12625: checking whether stripping libraries is possible
configure:12630: result: yes
configure:12665: checking if libtool supports shared libraries
configure:12667: result: yes
configure:12670: checking whether to build shared libraries
configure:12695: result: no
configure:12698: checking whether to build static libraries
configure:12702: result: yes
configure:12741: checking for an ANSI C-conforming const
configure:12807: gcc -std=gnu99 -c -g -O2  conftest.c >&5
configure:12807: $? = 0
configure:12814: result: yes
configure:12823: checking for unsigned long long int
configure:12871: result: yes
configure:12881: checking for long long int
configure:12931: result: yes
configure:12940: checking for library containing ioperm
configure:12971: gcc -std=gnu99 -o conftest -g -O2   conftest.c  >&5
configure:12971: $? = 0
configure:12988: result: none required
configure:12996: checking for library containing dlopen
configure:13027: gcc -std=gnu99 -o conftest -g -O2   conftest.c  >&5
/tmp/ccyn67nm.o: In function `main':
/root/openocd-0.10.1/conftest.c:36: undefined reference to `dlopen'
collect2: error: ld returned 1 exit status
configure:13027: $? = 1
configure: failed program was:
| /* confdefs.h */
| #define PACKAGE_NAME "openocd"
| #define PACKAGE_TARNAME "openocd"
| #define PACKAGE_VERSION "0.10.0"
| #define PACKAGE_STRING "openocd 0.10.0"
| #define PACKAGE_BUGREPORT "OpenOCD Mailing List <openocd-devel@lists.sourceforge.net>"
| #define PACKAGE_URL ""
| #define PACKAGE "openocd"
| #define VERSION "0.10.0"
| #define STDC_HEADERS 1
| #define HAVE_SYS_TYPES_H 1
| #define HAVE_SYS_STAT_H 1
| #define HAVE_STDLIB_H 1
| #define HAVE_STRING_H 1
| #define HAVE_MEMORY_H 1
| #define HAVE_STRINGS_H 1
| #define HAVE_INTTYPES_H 1
| #define HAVE_STDINT_H 1
| #define HAVE_UNISTD_H 1
| #define HAVE_DLFCN_H 1
| #define LT_OBJDIR ".libs/"
| #define HAVE_UNSIGNED_LONG_LONG_INT 1
| #define HAVE_LONG_LONG_INT 1
| /* end confdefs.h.  */
| 
| /* Override any GCC internal prototype to avoid an error.
|    Use char because int might match the return type of a GCC
|    builtin and then its argument prototype would still apply.  */
| #ifdef __cplusplus
| extern "C"
| #endif
| char dlopen ();
| int
| main ()
| {
| return dlopen ();
|   ;
|   return 0;
| }
configure:13027: gcc -std=gnu99 -o conftest -g -O2   conftest.c -ldl   >&5
configure:13027: $? = 0
configure:13044: result: -ldl
configure:13055: checking sys/socket.h usability
configure:13055: gcc -std=gnu99 -c -g -O2  conftest.c >&5
configure:13055: $? = 0
configure:13055: result: yes
configure:13055: checking sys/socket.h presence
configure:13055: gcc -std=gnu99 -E  conftest.c
configure:13055: $? = 0
configure:13055: result: yes
configure:13055: checking for sys/socket.h
configure:13055: result: yes
configure:13067: checking elf.h usability
configure:13067: gcc -std=gnu99 -c -g -O2  conftest.c >&5
configure:13067: $? = 0
configure:13067: result: yes
configure:13067: checking elf.h presence
configure:13067: gcc -std=gnu99 -E  conftest.c
configure:13067: $? = 0
configure:13067: result: yes
configure:13067: checking for elf.h
configure:13067: result: yes
configure:13079: checking dirent.h usability
configure:13079: gcc -std=gnu99 -c -g -O2  conftest.c >&5
configure:13079: $? = 0
configure:13079: result: yes
configure:13079: checking dirent.h presence
configure:13079: gcc -std=gnu99 -E  conftest.c
configure:13079: $? = 0
configure:13079: result: yes
configure:13079: checking for dirent.h
configure:13079: result: yes
configure:13091: checking fcntl.h usability
configure:13091: gcc -std=gnu99 -c -g -O2  conftest.c >&5
configure:13091: $? = 0
configure:13091: result: yes
configure:13091: checking fcntl.h presence
configure:13091: gcc -std=gnu99 -E  conftest.c
configure:13091: $? = 0
configure:13091: result: yes
configure:13091: checking for fcntl.h
configure:13091: result: yes
configure:13103: checking malloc.h usability
configure:13103: gcc -std=gnu99 -c -g -O2  conftest.c >&5
configure:13103: $? = 0
configure:13103: result: yes
configure:13103: checking malloc.h presence
configure:13103: gcc -std=gnu99 -E  conftest.c
configure:13103: $? = 0
configure:13103: result: yes
configure:13103: checking for malloc.h
configure:13103: result: yes
configure:13115: checking netdb.h usability
configure:13115: gcc -std=gnu99 -c -g -O2  conftest.c >&5
configure:13115: $? = 0
configure:13115: result: yes
configure:13115: checking netdb.h presence
configure:13115: gcc -std=gnu99 -E  conftest.c
configure:13115: $? = 0
configure:13115: result: yes
configure:13115: checking for netdb.h
configure:13115: result: yes
configure:13127: checking poll.h usability
configure:13127: gcc -std=gnu99 -c -g -O2  conftest.c >&5
configure:13127: $? = 0
configure:13127: result: yes
configure:13127: checking poll.h presence
configure:13127: gcc -std=gnu99 -E  conftest.c
configure:13127: $? = 0
configure:13127: result: yes
configure:13127: checking for poll.h
configure:13127: result: yes
configure:13139: checking pthread.h usability
configure:13139: gcc -std=gnu99 -c -g -O2  conftest.c >&5
configure:13139: $? = 0
configure:13139: result: yes
configure:13139: checking pthread.h presence
configure:13139: gcc -std=gnu99 -E  conftest.c
configure:13139: $? = 0
configure:13139: result: yes
configure:13139: checking for pthread.h
configure:13139: result: yes
configure:13151: checking for strings.h
configure:13151: result: yes
configure:13163: checking sys/ioctl.h usability
configure:13163: gcc -std=gnu99 -c -g -O2  conftest.c >&5
configure:13163: $? = 0
configure:13163: result: yes
configure:13163: checking sys/ioctl.h presence
configure:13163: gcc -std=gnu99 -E  conftest.c
configure:13163: $? = 0
configure:13163: result: yes
configure:13163: checking for sys/ioctl.h
configure:13163: result: yes
configure:13175: checking sys/param.h usability
configure:13175: gcc -std=gnu99 -c -g -O2  conftest.c >&5
configure:13175: $? = 0
configure:13175: result: yes
configure:13175: checking sys/param.h presence
configure:13175: gcc -std=gnu99 -E  conftest.c
configure:13175: $? = 0
configure:13175: result: yes
configure:13175: checking for sys/param.h
configure:13175: result: yes
configure:13187: checking sys/select.h usability
configure:13187: gcc -std=gnu99 -c -g -O2  conftest.c >&5
configure:13187: $? = 0
configure:13187: result: yes
configure:13187: checking sys/select.h presence
configure:13187: gcc -std=gnu99 -E  conftest.c
configure:13187: $? = 0
configure:13187: result: yes
configure:13187: checking for sys/select.h
configure:13187: result: yes
configure:13199: checking for sys/stat.h
configure:13199: result: yes
configure:13211: checking sys/sysctl.h usability
configure:13211: gcc -std=gnu99 -c -g -O2  conftest.c >&5
configure:13211: $? = 0
configure:13211: result: yes
configure:13211: checking sys/sysctl.h presence
configure:13211: gcc -std=gnu99 -E  conftest.c
configure:13211: $? = 0
configure:13211: result: yes
configure:13211: checking for sys/sysctl.h
configure:13211: result: yes
configure:13223: checking sys/time.h usability
configure:13223: gcc -std=gnu99 -c -g -O2  conftest.c >&5
configure:13223: $? = 0
configure:13223: result: yes
configure:13223: checking sys/time.h presence
configure:13223: gcc -std=gnu99 -E  conftest.c
configure:13223: $? = 0
configure:13223: result: yes
configure:13223: checking for sys/time.h
configure:13223: result: yes
configure:13235: checking for sys/types.h
configure:13235: result: yes
configure:13247: checking for unistd.h
configure:13247: result: yes
configure:13260: checking for arpa/inet.h
configure:13260: gcc -std=gnu99 -c -g -O2  conftest.c >&5
configure:13260: $? = 0
configure:13260: result: yes
configure:13260: checking for ifaddrs.h
configure:13260: gcc -std=gnu99 -c -g -O2  conftest.c >&5
configure:13260: $? = 0
configure:13260: result: yes
configure:13260: checking for netinet/in.h
configure:13260: gcc -std=gnu99 -c -g -O2  conftest.c >&5
configure:13260: $? = 0
configure:13260: result: yes
configure:13260: checking for netinet/tcp.h
configure:13260: gcc -std=gnu99 -c -g -O2  conftest.c >&5
configure:13260: $? = 0
configure:13260: result: yes
configure:13260: checking for net/if.h
configure:13260: gcc -std=gnu99 -c -g -O2  conftest.c >&5
configure:13260: $? = 0
configure:13260: result: yes
configure:13285: checking whether to enable assertions
configure:13303: result: yes
configure:13306: checking for stdbool.h that conforms to C99
configure:13373: gcc -std=gnu99 -c -g -O2  conftest.c >&5
configure:13373: $? = 0
configure:13380: result: yes
configure:13382: checking for _Bool
configure:13382: gcc -std=gnu99 -c -g -O2  conftest.c >&5
configure:13382: $? = 0
configure:13382: gcc -std=gnu99 -c -g -O2  conftest.c >&5
conftest.c: In function 'main':
conftest.c:83:20: error: expected expression before ')' token
 if (sizeof ((_Bool)))
                    ^
configure:13382: $? = 1
configure: failed program was:
| /* confdefs.h */
| #define PACKAGE_NAME "openocd"
| #define PACKAGE_TARNAME "openocd"
| #define PACKAGE_VERSION "0.10.0"
| #define PACKAGE_STRING "openocd 0.10.0"
| #define PACKAGE_BUGREPORT "OpenOCD Mailing List <openocd-devel@lists.sourceforge.net>"
| #define PACKAGE_URL ""
| #define PACKAGE "openocd"
| #define VERSION "0.10.0"
| #define STDC_HEADERS 1
| #define HAVE_SYS_TYPES_H 1
| #define HAVE_SYS_STAT_H 1
| #define HAVE_STDLIB_H 1
| #define HAVE_STRING_H 1
| #define HAVE_MEMORY_H 1
| #define HAVE_STRINGS_H 1
| #define HAVE_INTTYPES_H 1
| #define HAVE_STDINT_H 1
| #define HAVE_UNISTD_H 1
| #define HAVE_DLFCN_H 1
| #define LT_OBJDIR ".libs/"
| #define HAVE_UNSIGNED_LONG_LONG_INT 1
| #define HAVE_LONG_LONG_INT 1
| #define HAVE_SYS_SOCKET_H 1
| #define HAVE_ELF_H 1
| #define HAVE_DIRENT_H 1
| #define HAVE_FCNTL_H 1
| #define HAVE_MALLOC_H 1
| #define HAVE_NETDB_H 1
| #define HAVE_POLL_H 1
| #define HAVE_PTHREAD_H 1
| #define HAVE_STRINGS_H 1
| #define HAVE_SYS_IOCTL_H 1
| #define HAVE_SYS_PARAM_H 1
| #define HAVE_SYS_SELECT_H 1
| #define HAVE_SYS_STAT_H 1
| #define HAVE_SYS_SYSCTL_H 1
| #define HAVE_SYS_TIME_H 1
| #define HAVE_SYS_TYPES_H 1
| #define HAVE_UNISTD_H 1
| #define HAVE_ARPA_INET_H 1
| #define HAVE_IFADDRS_H 1
| #define HAVE_NETINET_IN_H 1
| #define HAVE_NETINET_TCP_H 1
| #define HAVE_NET_IF_H 1
| /* end confdefs.h.  */
| #include <stdio.h>
| #ifdef HAVE_SYS_TYPES_H
| # include <sys/types.h>
| #endif
| #ifdef HAVE_SYS_STAT_H
| # include <sys/stat.h>
| #endif
| #ifdef STDC_HEADERS
| # include <stdlib.h>
| # include <stddef.h>
| #else
| # ifdef HAVE_STDLIB_H
| #  include <stdlib.h>
| # endif
| #endif
| #ifdef HAVE_STRING_H
| # if !defined STDC_HEADERS && defined HAVE_MEMORY_H
| #  include <memory.h>
| # endif
| # include <string.h>
| #endif
| #ifdef HAVE_STRINGS_H
| # include <strings.h>
| #endif
| #ifdef HAVE_INTTYPES_H
| # include <inttypes.h>
| #endif
| #ifdef HAVE_STDINT_H
| # include <stdint.h>
| #endif
| #ifdef HAVE_UNISTD_H
| # include <unistd.h>
| #endif
| int
| main ()
| {
| if (sizeof ((_Bool)))
| 	    return 0;
|   ;
|   return 0;
| }
configure:13382: result: yes
configure:13399: checking whether time.h and sys/time.h may both be included
configure:13419: gcc -std=gnu99 -c -g -O2  conftest.c >&5
configure:13419: $? = 0
configure:13426: result: yes
configure:13435: checking whether byte ordering is bigendian
configure:13450: gcc -std=gnu99 -c -g -O2  conftest.c >&5
conftest.c:51:9: error: unknown type name 'not'
         not a universal capable compiler
         ^
conftest.c:51:15: error: expected '=', ',', ';', 'asm' or '__attribute__' before 'universal'
         not a universal capable compiler
               ^
conftest.c:51:15: error: unknown type name 'universal'
configure:13450: $? = 1
configure: failed program was:
| /* confdefs.h */
| #define PACKAGE_NAME "openocd"
| #define PACKAGE_TARNAME "openocd"
| #define PACKAGE_VERSION "0.10.0"
| #define PACKAGE_STRING "openocd 0.10.0"
| #define PACKAGE_BUGREPORT "OpenOCD Mailing List <openocd-devel@lists.sourceforge.net>"
| #define PACKAGE_URL ""
| #define PACKAGE "openocd"
| #define VERSION "0.10.0"
| #define STDC_HEADERS 1
| #define HAVE_SYS_TYPES_H 1
| #define HAVE_SYS_STAT_H 1
| #define HAVE_STDLIB_H 1
| #define HAVE_STRING_H 1
| #define HAVE_MEMORY_H 1
| #define HAVE_STRINGS_H 1
| #define HAVE_INTTYPES_H 1
| #define HAVE_STDINT_H 1
| #define HAVE_UNISTD_H 1
| #define HAVE_DLFCN_H 1
| #define LT_OBJDIR ".libs/"
| #define HAVE_UNSIGNED_LONG_LONG_INT 1
| #define HAVE_LONG_LONG_INT 1
| #define HAVE_SYS_SOCKET_H 1
| #define HAVE_ELF_H 1
| #define HAVE_DIRENT_H 1
| #define HAVE_FCNTL_H 1
| #define HAVE_MALLOC_H 1
| #define HAVE_NETDB_H 1
| #define HAVE_POLL_H 1
| #define HAVE_PTHREAD_H 1
| #define HAVE_STRINGS_H 1
| #define HAVE_SYS_IOCTL_H 1
| #define HAVE_SYS_PARAM_H 1
| #define HAVE_SYS_SELECT_H 1
| #define HAVE_SYS_STAT_H 1
| #define HAVE_SYS_SYSCTL_H 1
| #define HAVE_SYS_TIME_H 1
| #define HAVE_SYS_TYPES_H 1
| #define HAVE_UNISTD_H 1
| #define HAVE_ARPA_INET_H 1
| #define HAVE_IFADDRS_H 1
| #define HAVE_NETINET_IN_H 1
| #define HAVE_NETINET_TCP_H 1
| #define HAVE_NET_IF_H 1
| #define HAVE__BOOL 1
| #define HAVE_STDBOOL_H 1
| #define TIME_WITH_SYS_TIME 1
| /* end confdefs.h.  */
| #ifndef __APPLE_CC__
| 	       not a universal capable compiler
| 	     #endif
| 	     typedef int dummy;
| 
configure:13495: gcc -std=gnu99 -c -g -O2  conftest.c >&5
configure:13495: $? = 0
configure:13513: gcc -std=gnu99 -c -g -O2  conftest.c >&5
conftest.c: In function 'main':
conftest.c:57:4: error: unknown type name 'not'
    not big endian
    ^
conftest.c:57:12: error: expected '=', ',', ';', 'asm' or '__attribute__' before 'endian'
    not big endian
            ^
configure:13513: $? = 1
configure: failed program was:
| /* confdefs.h */
| #define PACKAGE_NAME "openocd"
| #define PACKAGE_TARNAME "openocd"
| #define PACKAGE_VERSION "0.10.0"
| #define PACKAGE_STRING "openocd 0.10.0"
| #define PACKAGE_BUGREPORT "OpenOCD Mailing List <openocd-devel@lists.sourceforge.net>"
| #define PACKAGE_URL ""
| #define PACKAGE "openocd"
| #define VERSION "0.10.0"
| #define STDC_HEADERS 1
| #define HAVE_SYS_TYPES_H 1
| #define HAVE_SYS_STAT_H 1
| #define HAVE_STDLIB_H 1
| #define HAVE_STRING_H 1
| #define HAVE_MEMORY_H 1
| #define HAVE_STRINGS_H 1
| #define HAVE_INTTYPES_H 1
| #define HAVE_STDINT_H 1
| #define HAVE_UNISTD_H 1
| #define HAVE_DLFCN_H 1
| #define LT_OBJDIR ".libs/"
| #define HAVE_UNSIGNED_LONG_LONG_INT 1
| #define HAVE_LONG_LONG_INT 1
| #define HAVE_SYS_SOCKET_H 1
| #define HAVE_ELF_H 1
| #define HAVE_DIRENT_H 1
| #define HAVE_FCNTL_H 1
| #define HAVE_MALLOC_H 1
| #define HAVE_NETDB_H 1
| #define HAVE_POLL_H 1
| #define HAVE_PTHREAD_H 1
| #define HAVE_STRINGS_H 1
| #define HAVE_SYS_IOCTL_H 1
| #define HAVE_SYS_PARAM_H 1
| #define HAVE_SYS_SELECT_H 1
| #define HAVE_SYS_STAT_H 1
| #define HAVE_SYS_SYSCTL_H 1
| #define HAVE_SYS_TIME_H 1
| #define HAVE_SYS_TYPES_H 1
| #define HAVE_UNISTD_H 1
| #define HAVE_ARPA_INET_H 1
| #define HAVE_IFADDRS_H 1
| #define HAVE_NETINET_IN_H 1
| #define HAVE_NETINET_TCP_H 1
| #define HAVE_NET_IF_H 1
| #define HAVE__BOOL 1
| #define HAVE_STDBOOL_H 1
| #define TIME_WITH_SYS_TIME 1
| /* end confdefs.h.  */
| #include <sys/types.h>
| 		#include <sys/param.h>
| 
| int
| main ()
| {
| #if BYTE_ORDER != BIG_ENDIAN
| 		 not big endian
| 		#endif
| 
|   ;
|   return 0;
| }
configure:13641: result: no
configure:13662: checking for strndup
configure:13662: gcc -std=gnu99 -o conftest -g -O2   conftest.c -ldl  >&5
conftest.c:73:6: warning: conflicting types for built-in function 'strndup'
 char strndup ();
      ^
configure:13662: $? = 0
configure:13662: result: yes
configure:13673: checking for strnlen
configure:13673: gcc -std=gnu99 -o conftest -g -O2   conftest.c -ldl  >&5
configure:13673: $? = 0
configure:13673: result: yes
configure:13684: checking for gettimeofday
configure:13684: gcc -std=gnu99 -o conftest -g -O2   conftest.c -ldl  >&5
configure:13684: $? = 0
configure:13684: result: yes
configure:13695: checking for usleep
configure:13695: gcc -std=gnu99 -o conftest -g -O2   conftest.c -ldl  >&5
configure:13695: $? = 0
configure:13695: result: yes
configure:13706: checking for vasprintf
configure:13706: gcc -std=gnu99 -o conftest -g -O2   conftest.c -ldl  >&5
configure:13706: $? = 0
configure:13706: result: yes
configure:13717: checking for realpath
configure:13717: gcc -std=gnu99 -o conftest -g -O2   conftest.c -ldl  >&5
configure:13717: $? = 0
configure:13717: result: yes
configure:13728: checking whether to build a release
configure:13739: result: yes
configure:13773: checking whether to build Doxygen as HTML
configure:13775: result: yes
configure:13786: checking whether to build Doxygen as PDF
configure:13788: result: no
configure:13848: checking whether to enable verbose JTAG I/O messages
configure:13850: result: no
configure:13860: checking whether to enable verbose USB I/O messages
configure:13862: result: no
configure:13872: checking whether to enable verbose USB communication messages
configure:13874: result: no
configure:13891: checking whether to enable malloc free space logging
configure:13893: result: no
configure:14205: checking whether to enable ZY1000 minidriver
configure:14220: result: no
configure:14231: checking whether to enable dummy minidriver
configure:14249: result: no
configure:14252: checking whether standard drivers can be built
configure:14264: result: yes
configure:14701: checking for LIBUSB1
configure:14708: $PKG_CONFIG --exists --print-errors "libusb-1.0"
configure:14711: $? = 0
configure:14725: $PKG_CONFIG --exists --print-errors "libusb-1.0"
configure:14728: $? = 0
configure:14774: result: yes
configure:14782: $PKG_CONFIG --exists --print-errors "libusb-1.0 >= 1.0.9"
configure:14785: $? = 0
configure:14795: libusb-1.0 header bug workaround: LIBUSB1_CFLAGS changed to "-isystem /usr/include/libusb-1.0"
configure:14798: $PKG_CONFIG --exists --print-errors "libusb-1.0 >= 1.0.16"
configure:14801: $? = 0
configure:14812: checking for LIBUSB0
configure:14819: $PKG_CONFIG --exists --print-errors "libusb"
configure:14822: $? = 0
configure:14836: $PKG_CONFIG --exists --print-errors "libusb"
configure:14839: $? = 0
configure:14877: result: yes
configure:14885: checking for HIDAPI
configure:14892: $PKG_CONFIG --exists --print-errors "$hidapi_lib"
Package hidapi was not found in the pkg-config search path.
Perhaps you should add the directory containing `hidapi.pc'
to the PKG_CONFIG_PATH environment variable
No package 'hidapi' found
configure:14895: $? = 1
configure:14909: $PKG_CONFIG --exists --print-errors "$hidapi_lib"
Package hidapi was not found in the pkg-config search path.
Perhaps you should add the directory containing `hidapi.pc'
to the PKG_CONFIG_PATH environment variable
No package 'hidapi' found
configure:14912: $? = 1
configure:14926: result: no
No package 'hidapi' found
configure:14885: checking for HIDAPI
configure:14892: $PKG_CONFIG --exists --print-errors "$hidapi_lib"
configure:14895: $? = 0
configure:14909: $PKG_CONFIG --exists --print-errors "$hidapi_lib"
configure:14912: $? = 0
configure:14954: result: yes
configure:14965: checking for LIBFTDI
configure:14972: $PKG_CONFIG --exists --print-errors "libftdi1"
Package libftdi1 was not found in the pkg-config search path.
Perhaps you should add the directory containing `libftdi1.pc'
to the PKG_CONFIG_PATH environment variable
No package 'libftdi1' found
configure:14975: $? = 1
configure:14989: $PKG_CONFIG --exists --print-errors "libftdi1"
Package libftdi1 was not found in the pkg-config search path.
Perhaps you should add the directory containing `libftdi1.pc'
to the PKG_CONFIG_PATH environment variable
No package 'libftdi1' found
configure:14992: $? = 1
configure:15006: result: no
No package 'libftdi1' found
configure:15025: checking for LIBFTDI
configure:15032: $PKG_CONFIG --exists --print-errors "libftdi"
configure:15035: $? = 0
configure:15049: $PKG_CONFIG --exists --print-errors "libftdi"
configure:15052: $? = 0
configure:15090: result: yes
configure:15181: checking for LIBJAYLINK
configure:15188: $PKG_CONFIG --exists --print-errors "libjaylink >= 0.1"
Package libjaylink was not found in the pkg-config search path.
Perhaps you should add the directory containing `libjaylink.pc'
to the PKG_CONFIG_PATH environment variable
No package 'libjaylink' found
configure:15191: $? = 1
configure:15205: $PKG_CONFIG --exists --print-errors "libjaylink >= 0.1"
Package libjaylink was not found in the pkg-config search path.
Perhaps you should add the directory containing `libjaylink.pc'
to the PKG_CONFIG_PATH environment variable
No package 'libjaylink' found
configure:15208: $? = 1
configure:15222: result: no
No package 'libjaylink' found
configure:16199: checking for environ in unistd.h and stdlib.h
configure:16217: gcc -std=gnu99 -c -g -O2  conftest.c >&5
configure:16217: $? = 0
configure:16219: result: yes
configure:16413: checking that generated files are newer than configure
configure:16419: result: done
configure:16647: creating ./config.status

## ---------------------- ##
## Running config.status. ##
## ---------------------- ##

This file was extended by openocd config.status 0.10.0, which was
generated by GNU Autoconf 2.69.  Invocation command line was

  CONFIG_FILES    = 
  CONFIG_HEADERS  = 
  CONFIG_LINKS    = 
  CONFIG_COMMANDS = 
  $ ./config.status 

on pi3

config.status:1279: creating Makefile
config.status:1279: creating config.h
config.status:1460: config.h is unchanged
config.status:1508: executing depfiles commands
config.status:1508: executing libtool commands
configure:18856: === configuring in jimtcl (/root/openocd-0.10.1/jimtcl)
configure:18919: running /bin/bash ./configure.gnu --disable-option-checking '--prefix=/usr/local'  '--enable-ftdi' '--enable-stlink' '--enable-ti-icdi' '--enable-jlink' '--enable-cmsis-dap' --cache-file=/dev/null --srcdir=.
configure:18856: === configuring in src/jtag/drivers/libjaylink (/root/openocd-0.10.1/src/jtag/drivers/libjaylink)
configure:18919: running /bin/bash ./configure.gnu --disable-option-checking '--prefix=/usr/local'  '--enable-ftdi' '--enable-stlink' '--enable-ti-icdi' '--enable-jlink' '--enable-cmsis-dap' --cache-file=/dev/null --srcdir=.

## ---------------- ##
## Cache variables. ##
## ---------------- ##

ac_cv_build=armv7l-unknown-linux-gnueabihf
ac_cv_c_bigendian=no
ac_cv_c_compiler_gnu=yes
ac_cv_c_const=yes
ac_cv_env_CC_set=
ac_cv_env_CC_value=
ac_cv_env_CFLAGS_set=
ac_cv_env_CFLAGS_value=
ac_cv_env_CPPFLAGS_set=
ac_cv_env_CPPFLAGS_value=
ac_cv_env_CPP_set=
ac_cv_env_CPP_value=
ac_cv_env_HIDAPI_CFLAGS_set=
ac_cv_env_HIDAPI_CFLAGS_value=
ac_cv_env_HIDAPI_LIBS_set=
ac_cv_env_HIDAPI_LIBS_value=
ac_cv_env_LDFLAGS_set=
ac_cv_env_LDFLAGS_value=
ac_cv_env_LIBFTDI_CFLAGS_set=
ac_cv_env_LIBFTDI_CFLAGS_value=
ac_cv_env_LIBFTDI_LIBS_set=
ac_cv_env_LIBFTDI_LIBS_value=
ac_cv_env_LIBJAYLINK_CFLAGS_set=
ac_cv_env_LIBJAYLINK_CFLAGS_value=
ac_cv_env_LIBJAYLINK_LIBS_set=
ac_cv_env_LIBJAYLINK_LIBS_value=
ac_cv_env_LIBS_set=
ac_cv_env_LIBS_value=
ac_cv_env_LIBUSB0_CFLAGS_set=
ac_cv_env_LIBUSB0_CFLAGS_value=
ac_cv_env_LIBUSB0_LIBS_set=
ac_cv_env_LIBUSB0_LIBS_value=
ac_cv_env_LIBUSB1_CFLAGS_set=
ac_cv_env_LIBUSB1_CFLAGS_value=
ac_cv_env_LIBUSB1_LIBS_set=
ac_cv_env_LIBUSB1_LIBS_value=
ac_cv_env_LT_SYS_LIBRARY_PATH_set=
ac_cv_env_LT_SYS_LIBRARY_PATH_value=
ac_cv_env_PKG_CONFIG_LIBDIR_set=
ac_cv_env_PKG_CONFIG_LIBDIR_value=
ac_cv_env_PKG_CONFIG_PATH_set=
ac_cv_env_PKG_CONFIG_PATH_value=
ac_cv_env_PKG_CONFIG_set=
ac_cv_env_PKG_CONFIG_value=
ac_cv_env_build_alias_set=
ac_cv_env_build_alias_value=
ac_cv_env_host_alias_set=
ac_cv_env_host_alias_value=
ac_cv_env_target_alias_set=
ac_cv_env_target_alias_value=
ac_cv_func_gettimeofday=yes
ac_cv_func_realpath=yes
ac_cv_func_strndup=yes
ac_cv_func_strnlen=yes
ac_cv_func_usleep=yes
ac_cv_func_vasprintf=yes
ac_cv_header_arpa_inet_h=yes
ac_cv_header_dirent_h=yes
ac_cv_header_dlfcn_h=yes
ac_cv_header_elf_h=yes
ac_cv_header_fcntl_h=yes
ac_cv_header_ifaddrs_h=yes
ac_cv_header_inttypes_h=yes
ac_cv_header_malloc_h=yes
ac_cv_header_memory_h=yes
ac_cv_header_net_if_h=yes
ac_cv_header_netdb_h=yes
ac_cv_header_netinet_in_h=yes
ac_cv_header_netinet_tcp_h=yes
ac_cv_header_poll_h=yes
ac_cv_header_pthread_h=yes
ac_cv_header_stdbool_h=yes
ac_cv_header_stdc=yes
ac_cv_header_stdint_h=yes
ac_cv_header_stdlib_h=yes
ac_cv_header_string_h=yes
ac_cv_header_strings_h=yes
ac_cv_header_sys_ioctl_h=yes
ac_cv_header_sys_param_h=yes
ac_cv_header_sys_select_h=yes
ac_cv_header_sys_socket_h=yes
ac_cv_header_sys_stat_h=yes
ac_cv_header_sys_sysctl_h=yes
ac_cv_header_sys_time_h=yes
ac_cv_header_sys_types_h=yes
ac_cv_header_time=yes
ac_cv_header_unistd_h=yes
ac_cv_host=armv7l-unknown-linux-gnueabihf
ac_cv_objext=o
ac_cv_path_EGREP='/bin/grep -E'
ac_cv_path_FGREP='/bin/grep -F'
ac_cv_path_GREP=/bin/grep
ac_cv_path_SED=/bin/sed
ac_cv_path_ac_pt_PKG_CONFIG=/usr/bin/pkg-config
ac_cv_path_install='/usr/bin/install -c'
ac_cv_path_lt_DD=/bin/dd
ac_cv_path_mkdir=/bin/mkdir
ac_cv_prog_AWK=gawk
ac_cv_prog_CPP='gcc -std=gnu99 -E'
ac_cv_prog_ac_ct_AR=ar
ac_cv_prog_ac_ct_CC=gcc
ac_cv_prog_ac_ct_MANIFEST_TOOL=mt
ac_cv_prog_ac_ct_OBJDUMP=objdump
ac_cv_prog_ac_ct_RANLIB=ranlib
ac_cv_prog_ac_ct_STRIP=strip
ac_cv_prog_cc_c89=
ac_cv_prog_cc_c99=-std=gnu99
ac_cv_prog_cc_g=yes
ac_cv_prog_make_make_set=yes
ac_cv_search_dlopen=-ldl
ac_cv_search_ioperm='none required'
ac_cv_type__Bool=yes
ac_cv_type_long_long_int=yes
ac_cv_type_unsigned_long_long_int=yes
am_cv_CC_dependencies_compiler_type=gcc3
am_cv_make_support_nested_variables=yes
am_cv_prog_cc_c_o=yes
lt_cv_ar_at_file=@
lt_cv_deplibs_check_method=pass_all
lt_cv_file_magic_cmd='$MAGIC_CMD'
lt_cv_file_magic_test_file=
lt_cv_ld_reload_flag=-r
lt_cv_nm_interface='BSD nm'
lt_cv_objdir=.libs
lt_cv_path_LD=/usr/bin/ld
lt_cv_path_NM='/usr/bin/nm -B'
lt_cv_path_mainfest_tool=no
lt_cv_prog_compiler_c_o=yes
lt_cv_prog_compiler_pic='-fPIC -DPIC'
lt_cv_prog_compiler_pic_works=yes
lt_cv_prog_compiler_rtti_exceptions=no
lt_cv_prog_compiler_static_works=yes
lt_cv_prog_gnu_ld=yes
lt_cv_sharedlib_from_linklib_cmd='printf %s\n'
lt_cv_shlibpath_overrides_runpath=no
lt_cv_sys_global_symbol_pipe='sed -n -e '\''s/^.*[	 ]\([ABCDGIRSTW][ABCDGIRSTW]*\)[	 ][	 ]*\([_A-Za-z][_A-Za-z0-9]*\)$/\1 \2 \2/p'\'' | sed '\''/ __gnu_lto/d'\'''
lt_cv_sys_global_symbol_to_c_name_address='sed -n -e '\''s/^: \(.*\) .*$/  {"\1", (void *) 0},/p'\'' -e '\''s/^[ABCDGIRSTW][ABCDGIRSTW]* .* \(.*\)$/  {"\1", (void *) \&\1},/p'\'''
lt_cv_sys_global_symbol_to_c_name_address_lib_prefix='sed -n -e '\''s/^: \(.*\) .*$/  {"\1", (void *) 0},/p'\'' -e '\''s/^[ABCDGIRSTW][ABCDGIRSTW]* .* \(lib.*\)$/  {"\1", (void *) \&\1},/p'\'' -e '\''s/^[ABCDGIRSTW][ABCDGIRSTW]* .* \(.*\)$/  {"lib\1", (void *) \&\1},/p'\'''
lt_cv_sys_global_symbol_to_cdecl='sed -n -e '\''s/^T .* \(.*\)$/extern int \1();/p'\'' -e '\''s/^[ABCDGIRSTW][ABCDGIRSTW]* .* \(.*\)$/extern char \1;/p'\'''
lt_cv_sys_global_symbol_to_import=
lt_cv_sys_max_cmd_len=1572864
lt_cv_to_host_file_cmd=func_convert_file_noop
lt_cv_to_tool_file_cmd=func_convert_file_noop
lt_cv_truncate_bin='/bin/dd bs=4096 count=1'
pkg_cv_HIDAPI_CFLAGS='-I/usr/include/hidapi '
pkg_cv_HIDAPI_LIBS='-lhidapi-hidraw '
pkg_cv_LIBFTDI_CFLAGS=
pkg_cv_LIBFTDI_LIBS='-lftdi '
pkg_cv_LIBUSB0_CFLAGS=
pkg_cv_LIBUSB0_LIBS='-lusb '
pkg_cv_LIBUSB1_CFLAGS='-I/usr/include/libusb-1.0 '
pkg_cv_LIBUSB1_LIBS='-lusb-1.0 '

## ----------------- ##
## Output variables. ##
## ----------------- ##

ACLOCAL='${SHELL} /root/openocd-0.10.1/missing aclocal-1.15'
AICE_FALSE='#'
AICE_TRUE=''
AMDEPBACKSLASH='\'
AMDEP_FALSE='#'
AMDEP_TRUE=''
AMTAR='$${TAR-tar}'
AMTJTAGACCEL_FALSE=''
AMTJTAGACCEL_TRUE='#'
AM_BACKSLASH='\'
AM_DEFAULT_V='$(AM_DEFAULT_VERBOSITY)'
AM_DEFAULT_VERBOSITY='1'
AM_V='$(V)'
AR='ar'
ARMJTAGEW_FALSE='#'
ARMJTAGEW_TRUE=''
AT91RM9200_FALSE=''
AT91RM9200_TRUE='#'
AUTOCONF='${SHELL} /root/openocd-0.10.1/missing autoconf'
AUTOHEADER='${SHELL} /root/openocd-0.10.1/missing autoheader'
AUTOMAKE='${SHELL} /root/openocd-0.10.1/missing automake-1.15'
AWK='gawk'
BCM2835GPIO_FALSE=''
BCM2835GPIO_TRUE='#'
BITBANG_FALSE=''
BITBANG_TRUE='#'
BITQ_FALSE='#'
BITQ_TRUE=''
BUSPIRATE_FALSE=''
BUSPIRATE_TRUE='#'
CC='gcc -std=gnu99'
CCDEPMODE='depmode=gcc3'
CFLAGS='-g -O2'
CMSIS_DAP_FALSE='#'
CMSIS_DAP_TRUE=''
CPP='gcc -std=gnu99 -E'
CPPFLAGS=''
CYGPATH_W='echo'
DEFS='-DHAVE_CONFIG_H'
DEPDIR='.deps'
DLLTOOL='false'
DSYMUTIL=''
DUMMY_FALSE=''
DUMMY_TRUE='#'
DUMPBIN=''
ECHO_C=''
ECHO_N='-n'
ECHO_T=''
EGREP='/bin/grep -E'
EP93XX_FALSE=''
EP93XX_TRUE='#'
EXEEXT=''
FGREP='/bin/grep -F'
FTDI_FALSE='#'
FTDI_TRUE=''
GCC_WARNINGS='-Wall -Wstrict-prototypes -Wformat-security -Wshadow -Wextra -Wno-unused-parameter -Wbad-function-cast -Wcast-align -Wredundant-decls -Werror'
GIVEIO_FALSE=''
GIVEIO_TRUE='#'
GREP='/bin/grep'
GW16012_FALSE=''
GW16012_TRUE='#'
HIDAPI_CFLAGS='-I/usr/include/hidapi '
HIDAPI_LIBS='-lhidapi-hidraw '
HLADAPTER_FALSE='#'
HLADAPTER_ICDI_FALSE='#'
HLADAPTER_ICDI_TRUE=''
HLADAPTER_STLINK_FALSE='#'
HLADAPTER_STLINK_TRUE=''
HLADAPTER_TRUE=''
HOST_CPPFLAGS=''
INSTALL_DATA='${INSTALL} -m 644'
INSTALL_PROGRAM='${INSTALL}'
INSTALL_SCRIPT='${INSTALL}'
INSTALL_STRIP_PROGRAM='$(install_sh) -c -s'
INTERNAL_JIMTCL_FALSE='#'
INTERNAL_JIMTCL_TRUE=''
INTERNAL_LIBJAYLINK_FALSE='#'
INTERNAL_LIBJAYLINK_TRUE=''
IOUTIL_FALSE=''
IOUTIL_TRUE='#'
IS_CYGWIN_FALSE=''
IS_CYGWIN_TRUE='#'
IS_DARWIN_FALSE=''
IS_DARWIN_TRUE='#'
IS_MINGW_FALSE=''
IS_MINGW_TRUE='#'
IS_WIN32_FALSE=''
IS_WIN32_TRUE='#'
JLINK_FALSE='#'
JLINK_TRUE=''
JTAG_VPI_FALSE=''
JTAG_VPI_TRUE='#'
LD='/usr/bin/ld'
LDFLAGS=''
LIBFTDI_CFLAGS=''
LIBFTDI_LIBS='-lftdi '
LIBJAYLINK_CFLAGS=''
LIBJAYLINK_LIBS=''
LIBOBJS=''
LIBS='-ldl '
LIBTOOL='$(SHELL) $(top_builddir)/libtool'
LIBTOOL_DEPS='./ltmain.sh'
LIBUSB0_CFLAGS=''
LIBUSB0_LIBS='-lusb '
LIBUSB1_CFLAGS='-isystem /usr/include/libusb-1.0'
LIBUSB1_LIBS='-lusb-1.0 '
LIPO=''
LN_S='ln -s'
LTLIBOBJS=''
LT_SYS_LIBRARY_PATH=''
MAKEINFO='echo makeinfo missing; true'
MANIFEST_TOOL=':'
MINIDRIVER_DUMMY_FALSE=''
MINIDRIVER_DUMMY_TRUE='#'
MINIDRIVER_FALSE=''
MINIDRIVER_TRUE='#'
MKDIR_P='/bin/mkdir -p'
NM='/usr/bin/nm -B'
NMEDIT=''
OBJDUMP='objdump'
OBJEXT='o'
OOCD_TRACE_FALSE=''
OOCD_TRACE_TRUE='#'
OPENDOUS_FALSE='#'
OPENDOUS_TRUE=''
OPENJTAG_FALSE='#'
OPENJTAG_TRUE=''
OSBDM_FALSE='#'
OSBDM_TRUE=''
OTOOL64=''
OTOOL=''
PACKAGE='openocd'
PACKAGE_BUGREPORT='OpenOCD Mailing List <openocd-devel@lists.sourceforge.net>'
PACKAGE_NAME='openocd'
PACKAGE_STRING='openocd 0.10.0'
PACKAGE_TARNAME='openocd'
PACKAGE_URL=''
PACKAGE_VERSION='0.10.0'
PARPORT_FALSE=''
PARPORT_TRUE='#'
PATH_SEPARATOR=':'
PKG_CONFIG='/usr/bin/pkg-config'
PKG_CONFIG_LIBDIR=''
PKG_CONFIG_PATH=''
PRESTO_FALSE='#'
PRESTO_TRUE=''
RANLIB='ranlib'
RELEASE_FALSE='#'
RELEASE_TRUE=''
REMOTE_BITBANG_FALSE=''
REMOTE_BITBANG_TRUE='#'
RLINK_FALSE='#'
RLINK_TRUE=''
SED='/bin/sed'
SET_MAKE=''
SHELL='/bin/bash'
STRIP='strip'
SYSFSGPIO_FALSE=''
SYSFSGPIO_TRUE='#'
ULINK_FALSE='#'
ULINK_TRUE=''
USBPROG_FALSE='#'
USBPROG_TRUE=''
USB_BLASTER_2_FALSE='#'
USB_BLASTER_2_TRUE=''
USB_BLASTER_DRIVER_FALSE='#'
USB_BLASTER_DRIVER_TRUE=''
USB_BLASTER_FALSE='#'
USB_BLASTER_TRUE=''
USE_HIDAPI_FALSE='#'
USE_HIDAPI_TRUE=''
USE_LIBFTDI_FALSE='#'
USE_LIBFTDI_TRUE=''
USE_LIBJAYLINK_FALSE=''
USE_LIBJAYLINK_TRUE='#'
USE_LIBUSB0_FALSE='#'
USE_LIBUSB0_TRUE=''
USE_LIBUSB1_FALSE='#'
USE_LIBUSB1_TRUE=''
VERSION='0.10.0'
VSLLINK_FALSE='#'
VSLLINK_TRUE=''
ZY1000_FALSE=''
ZY1000_MASTER_FALSE=''
ZY1000_MASTER_TRUE='#'
ZY1000_TRUE='#'
ac_ct_AR='ar'
ac_ct_CC='gcc'
ac_ct_DUMPBIN=''
am__EXEEXT_FALSE=''
am__EXEEXT_TRUE='#'
am__fastdepCC_FALSE='#'
am__fastdepCC_TRUE=''
am__include='include'
am__isrc=''
am__leading_dot='.'
am__nodep='_no'
am__quote=''
am__tar='$${TAR-tar} chof - "$$tardir"'
am__untar='$${TAR-tar} xf -'
bindir='${exec_prefix}/bin'
build='armv7l-unknown-linux-gnueabihf'
build_alias=''
build_cpu='armv7l'
build_os='linux-gnueabihf'
build_vendor='unknown'
datadir='${datarootdir}'
datarootdir='${prefix}/share'
docdir='${datarootdir}/doc/${PACKAGE_TARNAME}'
doxygen_as_html='yes'
doxygen_as_pdf='no'
dvidir='${docdir}'
exec_prefix='${prefix}'
host='armv7l-unknown-linux-gnueabihf'
host_alias=''
host_cpu='armv7l'
host_os='linux-gnueabihf'
host_vendor='unknown'
htmldir='${docdir}'
includedir='${prefix}/include'
infodir='${datarootdir}/info'
install_sh='${SHELL} /root/openocd-0.10.1/install-sh'
libdir='${exec_prefix}/lib'
libexecdir='${exec_prefix}/libexec'
localedir='${datarootdir}/locale'
localstatedir='${prefix}/var'
mandir='${datarootdir}/man'
mkdir_p='$(MKDIR_P)'
oldincludedir='/usr/include'
pdfdir='${docdir}'
prefix='/usr/local'
program_transform_name='s,x,x,'
psdir='${docdir}'
sbindir='${exec_prefix}/sbin'
sharedstatedir='${prefix}/com'
subdirs=' jimtcl src/jtag/drivers/libjaylink'
sysconfdir='${prefix}/etc'
target_alias=''

## ----------- ##
## confdefs.h. ##
## ----------- ##

/* confdefs.h */
#define PACKAGE_NAME "openocd"
#define PACKAGE_TARNAME "openocd"
#define PACKAGE_VERSION "0.10.0"
#define PACKAGE_STRING "openocd 0.10.0"
#define PACKAGE_BUGREPORT "OpenOCD Mailing List <openocd-devel@lists.sourceforge.net>"
#define PACKAGE_URL ""
#define PACKAGE "openocd"
#define VERSION "0.10.0"
#define STDC_HEADERS 1
#define HAVE_SYS_TYPES_H 1
#define HAVE_SYS_STAT_H 1
#define HAVE_STDLIB_H 1
#define HAVE_STRING_H 1
#define HAVE_MEMORY_H 1
#define HAVE_STRINGS_H 1
#define HAVE_INTTYPES_H 1
#define HAVE_STDINT_H 1
#define HAVE_UNISTD_H 1
#define HAVE_DLFCN_H 1
#define LT_OBJDIR ".libs/"
#define HAVE_UNSIGNED_LONG_LONG_INT 1
#define HAVE_LONG_LONG_INT 1
#define HAVE_SYS_SOCKET_H 1
#define HAVE_ELF_H 1
#define HAVE_DIRENT_H 1
#define HAVE_FCNTL_H 1
#define HAVE_MALLOC_H 1
#define HAVE_NETDB_H 1
#define HAVE_POLL_H 1
#define HAVE_PTHREAD_H 1
#define HAVE_STRINGS_H 1
#define HAVE_SYS_IOCTL_H 1
#define HAVE_SYS_PARAM_H 1
#define HAVE_SYS_SELECT_H 1
#define HAVE_SYS_STAT_H 1
#define HAVE_SYS_SYSCTL_H 1
#define HAVE_SYS_TIME_H 1
#define HAVE_SYS_TYPES_H 1
#define HAVE_UNISTD_H 1
#define HAVE_ARPA_INET_H 1
#define HAVE_IFADDRS_H 1
#define HAVE_NETINET_IN_H 1
#define HAVE_NETINET_TCP_H 1
#define HAVE_NET_IF_H 1
#define HAVE__BOOL 1
#define HAVE_STDBOOL_H 1
#define TIME_WITH_SYS_TIME 1
#define HAVE_STRNDUP 1
#define HAVE_STRNLEN 1
#define HAVE_GETTIMEOFDAY 1
#define HAVE_USLEEP 1
#define HAVE_VASPRINTF 1
#define HAVE_REALPATH 1
#define IS_CYGWIN 0
#define IS_MINGW 0
#define IS_WIN32 0
#define IS_DARWIN 0
#define BUILD_PARPORT 0
#define BUILD_DUMMY 0
#define BUILD_EP93XX 0
#define BUILD_ZY1000 0
#define BUILD_ZY1000_MASTER 0
#define BUILD_AT91RM9200 0
#define BUILD_BCM2835GPIO 0
#define PARPORT_USE_PPDEV 1
#define PARPORT_USE_GIVEIO 0
#define BUILD_JTAG_VPI 0
#define BUILD_AMTJTAGACCEL 0
#define BUILD_GW16012 0
#define BUILD_OOCD_TRACE 0
#define BUILD_BUSPIRATE 0
#define BUILD_REMOTE_BITBANG 0
#define BUILD_SYSFSGPIO 0
#define HAVE_LIBUSB1 1
#define HAVE_LIBUSB_ERROR_NAME 1
#define HAVE_LIBUSB_GET_PORT_NUMBERS 1
#define BUILD_FTDI 1
#define BUILD_HLADAPTER_STLINK 1
#define BUILD_HLADAPTER_ICDI 1
#define BUILD_ULINK 1
#define BUILD_USB_BLASTER_2 1
#define BUILD_VSLLINK 1
#define BUILD_OSBDM 1
#define BUILD_OPENDOUS 1
#define BUILD_AICE 1
#define BUILD_USBPROG 1
#define BUILD_RLINK 1
#define BUILD_ARMJTAGEW 1
#define BUILD_CMSIS_DAP 1
#define BUILD_USB_BLASTER 1
#define BUILD_PRESTO 1
#define BUILD_OPENJTAG 1
#define BUILD_JLINK 1
#define BUILD_HLADAPTER 1
#define _GNU_SOURCE 1

configure: exit 0

## ---------------------- ##
## Running config.status. ##
## ---------------------- ##

This file was extended by openocd config.status 0.10.0, which was
generated by GNU Autoconf 2.69.  Invocation command line was

  CONFIG_FILES    = 
  CONFIG_HEADERS  = 
  CONFIG_LINKS    = 
  CONFIG_COMMANDS = 
  $ ./config.status Makefile depfiles

on pi3

config.status:1279: creating Makefile
config.status:1508: executing depfiles commands
