This file contains any messages produced by compilers while
running configure, to aid debugging if configure makes a mistake.

It was created by libjaylink configure 0.1.0, which was
generated by GNU Autoconf 2.69.  Invocation command line was

  $ /root/openocd-0.10.1/src/jtag/drivers/libjaylink/configure --enable-subproject-build --disable-option-checking --prefix=/usr/local --enable-ftdi --enable-stlink --enable-ti-icdi --enable-jlink --enable-cmsis-dap --cache-file=/dev/null --srcdir=.

## --------- ##
## Platform. ##
## --------- ##

hostname = pi3
uname -m = armv7l
uname -r = 4.9.35-v7+
uname -s = Linux
uname -v = #1014 SMP Fri Jun 30 14:47:43 BST 2017

/usr/bin/uname -p = unknown
/bin/uname -X     = unknown

/bin/arch              = unknown
/usr/bin/arch -k       = unknown
/usr/convex/getsysinfo = unknown
/usr/bin/hostinfo      = unknown
/bin/machine           = unknown
/usr/bin/oslevel       = unknown
/bin/universe          = unknown

PATH: /usr/local/sbin
PATH: /usr/local/bin
PATH: /usr/sbin
PATH: /usr/bin
PATH: /sbin
PATH: /bin


## ----------- ##
## Core tests. ##
## ----------- ##

configure:2194: checking build system type
configure:2208: result: armv7l-unknown-linux-gnueabihf
configure:2228: checking host system type
configure:2241: result: armv7l-unknown-linux-gnueabihf
configure:2278: checking for a BSD-compatible install
configure:2346: result: /usr/bin/install -c
configure:2357: checking whether build environment is sane
configure:2412: result: yes
configure:2563: checking for a thread-safe mkdir -p
configure:2602: result: /bin/mkdir -p
configure:2609: checking for gawk
configure:2625: found /usr/bin/gawk
configure:2636: result: gawk
configure:2647: checking whether make sets $(MAKE)
configure:2669: result: yes
configure:2698: checking whether make supports nested variables
configure:2715: result: yes
configure:2895: checking for gcc
configure:2911: found /usr/bin/gcc
configure:2922: result: gcc
configure:3151: checking for C compiler version
configure:3160: gcc --version >&5
gcc (Raspbian 4.9.2-10+deb8u2) 4.9.2
Copyright (C) 2014 Free Software Foundation, Inc.
This is free software; see the source for copying conditions.  There is NO
warranty; not even for MERCHANTABILITY or FITNESS FOR A PARTICULAR PURPOSE.

configure:3171: $? = 0
configure:3160: gcc -v >&5
Using built-in specs.
COLLECT_GCC=gcc
COLLECT_LTO_WRAPPER=/usr/lib/gcc/arm-linux-gnueabihf/4.9/lto-wrapper
Target: arm-linux-gnueabihf
Configured with: ../src/configure -v --with-pkgversion='Raspbian 4.9.2-10+deb8u2' --with-bugurl=file:///usr/share/doc/gcc-4.9/README.Bugs --enable-languages=c,c++,java,go,d,fortran,objc,obj-c++ --prefix=/usr --program-suffix=-4.9 --enable-shared --enable-linker-build-id --libexecdir=/usr/lib --without-included-gettext --enable-threads=posix --with-gxx-include-dir=/usr/include/c++/4.9 --libdir=/usr/lib --enable-nls --with-sysroot=/ --enable-clocale=gnu --enable-libstdcxx-debug --enable-libstdcxx-time=yes --enable-gnu-unique-object --disable-libitm --disable-libquadmath --enable-plugin --with-system-zlib --disable-browser-plugin --enable-java-awt=gtk --enable-gtk-cairo --with-java-home=/usr/lib/jvm/java-1.5.0-gcj-4.9-armhf/jre --enable-java-home --with-jvm-root-dir=/usr/lib/jvm/java-1.5.0-gcj-4.9-armhf --with-jvm-jar-dir=/usr/lib/jvm-exports/java-1.5.0-gcj-4.9-armhf --with-arch-directory=arm --with-ecj-jar=/usr/share/java/eclipse-ecj.jar --enable-objc-gc --enable-multiarch --disable-sjlj-exceptions --with-arch=armv6 --with-fpu=vfp --with-float=hard --enable-checking=release --build=arm-linux-gnueabihf --host=arm-linux-gnueabihf --target=arm-linux-gnueabihf
Thread model: posix
gcc version 4.9.2 (Raspbian 4.9.2-10+deb8u2) 
configure:3171: $? = 0
configure:3160: gcc -V >&5
gcc: error: unrecognized command line option '-V'
gcc: fatal error: no input files
compilation terminated.
configure:3171: $? = 4
configure:3160: gcc -qversion >&5
gcc: error: unrecognized command line option '-qversion'
gcc: fatal error: no input files
compilation terminated.
configure:3171: $? = 4
configure:3191: checking whether the C compiler works
configure:3213: gcc    conftest.c  >&5
configure:3217: $? = 0
configure:3265: result: yes
configure:3268: checking for C compiler default output file name
configure:3270: result: a.out
configure:3276: checking for suffix of executables
configure:3283: gcc -o conftest    conftest.c  >&5
configure:3287: $? = 0
configure:3309: result: 
configure:3331: checking whether we are cross compiling
configure:3339: gcc -o conftest    conftest.c  >&5
configure:3343: $? = 0
configure:3350: ./conftest
configure:3354: $? = 0
configure:3369: result: no
configure:3374: checking for suffix of object files
configure:3396: gcc -c   conftest.c >&5
configure:3400: $? = 0
configure:3421: result: o
configure:3425: checking whether we are using the GNU C compiler
configure:3444: gcc -c   conftest.c >&5
configure:3444: $? = 0
configure:3453: result: yes
configure:3462: checking whether gcc accepts -g
configure:3482: gcc -c -g  conftest.c >&5
configure:3482: $? = 0
configure:3523: result: yes
configure:3540: checking for gcc option to accept ISO C89
configure:3603: gcc  -c -g -O2  conftest.c >&5
configure:3603: $? = 0
configure:3616: result: none needed
configure:3641: checking whether gcc understands -c and -o together
configure:3663: gcc -c conftest.c -o conftest2.o
configure:3666: $? = 0
configure:3663: gcc -c conftest.c -o conftest2.o
configure:3666: $? = 0
configure:3678: result: yes
configure:3706: checking for style of include used by make
configure:3734: result: GNU
configure:3760: checking dependency style of gcc
configure:3871: result: gcc3
configure:3940: checking for ar
configure:3956: found /usr/bin/ar
configure:3967: result: ar
configure:3993: checking the archiver (ar) interface
configure:4009: gcc -c -g -O2  conftest.c >&5
configure:4009: $? = 0
configure:4011: ar cru libconftest.a conftest.o >&5
configure:4014: $? = 0
configure:4042: result: ar
configure:4110: checking how to print strings
configure:4137: result: printf
configure:4158: checking for a sed that does not truncate output
configure:4222: result: /bin/sed
configure:4240: checking for grep that handles long lines and -e
configure:4298: result: /bin/grep
configure:4303: checking for egrep
configure:4365: result: /bin/grep -E
configure:4370: checking for fgrep
configure:4432: result: /bin/grep -F
configure:4467: checking for ld used by gcc
configure:4534: result: /usr/bin/ld
configure:4541: checking if the linker (/usr/bin/ld) is GNU ld
configure:4556: result: yes
configure:4568: checking for BSD- or MS-compatible name lister (nm)
configure:4622: result: /usr/bin/nm -B
configure:4752: checking the name lister (/usr/bin/nm -B) interface
configure:4759: gcc -c -g -O2  conftest.c >&5
configure:4762: /usr/bin/nm -B "conftest.o"
configure:4765: output
00000000 B some_variable
configure:4772: result: BSD nm
configure:4775: checking whether ln -s works
configure:4779: result: yes
configure:4787: checking the maximum length of command line arguments
configure:4918: result: 1572864
configure:4966: checking how to convert armv7l-unknown-linux-gnueabihf file names to armv7l-unknown-linux-gnueabihf format
configure:5006: result: func_convert_file_noop
configure:5013: checking how to convert armv7l-unknown-linux-gnueabihf file names to toolchain format
configure:5033: result: func_convert_file_noop
configure:5040: checking for /usr/bin/ld option to reload object files
configure:5047: result: -r
configure:5121: checking for objdump
configure:5137: found /usr/bin/objdump
configure:5148: result: objdump
configure:5180: checking how to recognize dependent libraries
configure:5380: result: pass_all
configure:5465: checking for dlltool
configure:5495: result: no
configure:5525: checking how to associate runtime and link libraries
configure:5552: result: printf %s\n
configure:5676: checking for archiver @FILE support
configure:5693: gcc -c -g -O2  conftest.c >&5
configure:5693: $? = 0
configure:5696: ar cru libconftest.a @conftest.lst >&5
configure:5699: $? = 0
configure:5704: ar cru libconftest.a @conftest.lst >&5
ar: conftest.o: No such file or directory
configure:5707: $? = 1
configure:5719: result: @
configure:5777: checking for strip
configure:5793: found /usr/bin/strip
configure:5804: result: strip
configure:5876: checking for ranlib
configure:5892: found /usr/bin/ranlib
configure:5903: result: ranlib
configure:6005: checking command to parse /usr/bin/nm -B output from gcc object
configure:6158: gcc -c -g -O2  conftest.c >&5
configure:6161: $? = 0
configure:6165: /usr/bin/nm -B conftest.o \| sed -n -e 's/^.*[ ]\([ABCDGIRSTW][ABCDGIRSTW]*\)[ ][ ]*\([_A-Za-z][_A-Za-z0-9]*\)$/\1 \2 \2/p' | sed '/ __gnu_lto/d' \> conftest.nm
configure:6168: $? = 0
configure:6234: gcc -o conftest -g -O2   conftest.c conftstm.o >&5
configure:6237: $? = 0
configure:6275: result: ok
configure:6322: checking for sysroot
configure:6352: result: no
configure:6359: checking for a working dd
configure:6397: result: /bin/dd
configure:6401: checking how to truncate binary pipes
configure:6416: result: /bin/dd bs=4096 count=1
configure:6745: checking for mt
configure:6761: found /bin/mt
configure:6772: result: mt
configure:6795: checking if mt is a manifest tool
configure:6801: mt '-?'
configure:6809: result: no
configure:7486: checking how to run the C preprocessor
configure:7517: gcc -E  conftest.c
configure:7517: $? = 0
configure:7531: gcc -E  conftest.c
conftest.c:11:28: fatal error: ac_nonexistent.h: No such file or directory
 #include <ac_nonexistent.h>
                            ^
compilation terminated.
configure:7531: $? = 1
configure: failed program was:
| /* confdefs.h */
| #define PACKAGE_NAME "libjaylink"
| #define PACKAGE_TARNAME "libjaylink"
| #define PACKAGE_VERSION "0.1.0"
| #define PACKAGE_STRING "libjaylink 0.1.0"
| #define PACKAGE_BUGREPORT "jaylink-dev@marcschink.de"
| #define PACKAGE_URL "http://git.zapb.de/libjaylink.git"
| #define PACKAGE "libjaylink"
| #define VERSION "0.1.0"
| /* end confdefs.h.  */
| #include <ac_nonexistent.h>
configure:7556: result: gcc -E
configure:7576: gcc -E  conftest.c
configure:7576: $? = 0
configure:7590: gcc -E  conftest.c
conftest.c:11:28: fatal error: ac_nonexistent.h: No such file or directory
 #include <ac_nonexistent.h>
                            ^
compilation terminated.
configure:7590: $? = 1
configure: failed program was:
| /* confdefs.h */
| #define PACKAGE_NAME "libjaylink"
| #define PACKAGE_TARNAME "libjaylink"
| #define PACKAGE_VERSION "0.1.0"
| #define PACKAGE_STRING "libjaylink 0.1.0"
| #define PACKAGE_BUGREPORT "jaylink-dev@marcschink.de"
| #define PACKAGE_URL "http://git.zapb.de/libjaylink.git"
| #define PACKAGE "libjaylink"
| #define VERSION "0.1.0"
| /* end confdefs.h.  */
| #include <ac_nonexistent.h>
configure:7619: checking for ANSI C header files
configure:7639: gcc -c -g -O2  conftest.c >&5
configure:7639: $? = 0
configure:7712: gcc -o conftest -g -O2   conftest.c  >&5
configure:7712: $? = 0
configure:7712: ./conftest
configure:7712: $? = 0
configure:7723: result: yes
configure:7736: checking for sys/types.h
configure:7736: gcc -c -g -O2  conftest.c >&5
configure:7736: $? = 0
configure:7736: result: yes
configure:7736: checking for sys/stat.h
configure:7736: gcc -c -g -O2  conftest.c >&5
configure:7736: $? = 0
configure:7736: result: yes
configure:7736: checking for stdlib.h
configure:7736: gcc -c -g -O2  conftest.c >&5
configure:7736: $? = 0
configure:7736: result: yes
configure:7736: checking for string.h
configure:7736: gcc -c -g -O2  conftest.c >&5
configure:7736: $? = 0
configure:7736: result: yes
configure:7736: checking for memory.h
configure:7736: gcc -c -g -O2  conftest.c >&5
configure:7736: $? = 0
configure:7736: result: yes
configure:7736: checking for strings.h
configure:7736: gcc -c -g -O2  conftest.c >&5
configure:7736: $? = 0
configure:7736: result: yes
configure:7736: checking for inttypes.h
configure:7736: gcc -c -g -O2  conftest.c >&5
configure:7736: $? = 0
configure:7736: result: yes
configure:7736: checking for stdint.h
configure:7736: gcc -c -g -O2  conftest.c >&5
configure:7736: $? = 0
configure:7736: result: yes
configure:7736: checking for unistd.h
configure:7736: gcc -c -g -O2  conftest.c >&5
configure:7736: $? = 0
configure:7736: result: yes
configure:7750: checking for dlfcn.h
configure:7750: gcc -c -g -O2  conftest.c >&5
configure:7750: $? = 0
configure:7750: result: yes
configure:8006: checking for objdir
configure:8021: result: .libs
configure:8285: checking if gcc supports -fno-rtti -fno-exceptions
configure:8303: gcc -c -g -O2  -fno-rtti -fno-exceptions conftest.c >&5
cc1: warning: command line option '-fno-rtti' is valid for C++/ObjC++ but not for C
configure:8307: $? = 0
configure:8320: result: no
configure:8678: checking for gcc option to produce PIC
configure:8685: result: -fPIC -DPIC
configure:8693: checking if gcc PIC flag -fPIC -DPIC works
configure:8711: gcc -c -g -O2  -fPIC -DPIC -DPIC conftest.c >&5
configure:8715: $? = 0
configure:8728: result: yes
configure:8757: checking if gcc static flag -static works
configure:8785: result: yes
configure:8800: checking if gcc supports -c -o file.o
configure:8821: gcc -c -g -O2  -o out/conftest2.o conftest.c >&5
configure:8825: $? = 0
configure:8847: result: yes
configure:8855: checking if gcc supports -c -o file.o
configure:8902: result: yes
configure:8935: checking whether the gcc linker (/usr/bin/ld) supports shared libraries
configure:10194: result: yes
configure:10231: checking whether -lc should be explicitly linked in
configure:10239: gcc -c -g -O2  conftest.c >&5
configure:10242: $? = 0
configure:10257: gcc -shared  -fPIC -DPIC conftest.o  -v -Wl,-soname -Wl,conftest -o conftest 2\>\&1 \| /bin/grep  -lc  \>/dev/null 2\>\&1
configure:10260: $? = 0
configure:10274: result: no
configure:10434: checking dynamic linker characteristics
configure:11028: gcc -o conftest -g -O2   -Wl,-rpath -Wl,/foo conftest.c  >&5
configure:11028: $? = 0
configure:11265: result: GNU/Linux ld.so
configure:11387: checking how to hardcode library paths into programs
configure:11412: result: immediate
configure:11960: checking whether stripping libraries is possible
configure:11965: result: yes
configure:12000: checking if libtool supports shared libraries
configure:12002: result: yes
configure:12005: checking whether to build shared libraries
configure:12030: result: yes
configure:12033: checking whether to build static libraries
configure:12037: result: yes
configure:12130: checking for pkg-config
configure:12148: found /usr/bin/pkg-config
configure:12160: result: /usr/bin/pkg-config
configure:12185: checking pkg-config is at least version 0.9.0
configure:12188: result: yes
configure:12202: checking for libusb
configure:12209: $PKG_CONFIG --exists --print-errors "libusb-1.0 >= 1.0.9"
configure:12212: $? = 0
configure:12226: $PKG_CONFIG --exists --print-errors "libusb-1.0 >= 1.0.9"
configure:12229: $? = 0
configure:12287: result: yes
configure:12295: checking whether byte ordering is bigendian
configure:12310: gcc -c -g -O2  conftest.c >&5
conftest.c:24:9: error: unknown type name 'not'
         not a universal capable compiler
         ^
conftest.c:24:15: error: expected '=', ',', ';', 'asm' or '__attribute__' before 'universal'
         not a universal capable compiler
               ^
conftest.c:24:15: error: unknown type name 'universal'
configure:12310: $? = 1
configure: failed program was:
| /* confdefs.h */
| #define PACKAGE_NAME "libjaylink"
| #define PACKAGE_TARNAME "libjaylink"
| #define PACKAGE_VERSION "0.1.0"
| #define PACKAGE_STRING "libjaylink 0.1.0"
| #define PACKAGE_BUGREPORT "jaylink-dev@marcschink.de"
| #define PACKAGE_URL "http://git.zapb.de/libjaylink.git"
| #define PACKAGE "libjaylink"
| #define VERSION "0.1.0"
| #define STDC_HEADERS 1
| #define HAVE_SYS_TYPES_H 1
| #define HAVE_SYS_STAT_H 1
| #define HAVE_STDLIB_H 1
| #define HAVE_STRING_H 1
| #define HAVE_MEMORY_H 1
| #define HAVE_STRINGS_H 1
| #define HAVE_INTTYPES_H 1
| #define HAVE_STDINT_H 1
| #define HAVE_UNISTD_H 1
| #define HAVE_DLFCN_H 1
| #define LT_OBJDIR ".libs/"
| /* end confdefs.h.  */
| #ifndef __APPLE_CC__
| 	       not a universal capable compiler
| 	     #endif
| 	     typedef int dummy;
| 
configure:12355: gcc -c -g -O2  conftest.c >&5
configure:12355: $? = 0
configure:12373: gcc -c -g -O2  conftest.c >&5
conftest.c: In function 'main':
conftest.c:30:4: error: unknown type name 'not'
    not big endian
    ^
conftest.c:30:12: error: expected '=', ',', ';', 'asm' or '__attribute__' before 'endian'
    not big endian
            ^
configure:12373: $? = 1
configure: failed program was:
| /* confdefs.h */
| #define PACKAGE_NAME "libjaylink"
| #define PACKAGE_TARNAME "libjaylink"
| #define PACKAGE_VERSION "0.1.0"
| #define PACKAGE_STRING "libjaylink 0.1.0"
| #define PACKAGE_BUGREPORT "jaylink-dev@marcschink.de"
| #define PACKAGE_URL "http://git.zapb.de/libjaylink.git"
| #define PACKAGE "libjaylink"
| #define VERSION "0.1.0"
| #define STDC_HEADERS 1
| #define HAVE_SYS_TYPES_H 1
| #define HAVE_SYS_STAT_H 1
| #define HAVE_STDLIB_H 1
| #define HAVE_STRING_H 1
| #define HAVE_MEMORY_H 1
| #define HAVE_STRINGS_H 1
| #define HAVE_INTTYPES_H 1
| #define HAVE_STDINT_H 1
| #define HAVE_UNISTD_H 1
| #define HAVE_DLFCN_H 1
| #define LT_OBJDIR ".libs/"
| /* end confdefs.h.  */
| #include <sys/types.h>
| 		#include <sys/param.h>
| 
| int
| main ()
| {
| #if BYTE_ORDER != BIG_ENDIAN
| 		 not big endian
| 		#endif
| 
|   ;
|   return 0;
| }
configure:12501: result: no
configure:12746: checking that generated files are newer than configure
configure:12752: result: done
configure:12780: creating ./config.status

## ---------------------- ##
## Running config.status. ##
## ---------------------- ##

This file was extended by libjaylink config.status 0.1.0, which was
generated by GNU Autoconf 2.69.  Invocation command line was

  CONFIG_FILES    = 
  CONFIG_HEADERS  = 
  CONFIG_LINKS    = 
  CONFIG_COMMANDS = 
  $ ./config.status 

on pi3

config.status:1107: creating Makefile
config.status:1107: creating libjaylink/Makefile
config.status:1107: creating libjaylink/version.h
config.status:1107: creating libjaylink.pc
config.status:1107: creating Doxyfile
config.status:1107: creating config.h
config.status:1288: config.h is unchanged
config.status:1336: executing depfiles commands
config.status:1336: executing libtool commands

## ---------------- ##
## Cache variables. ##
## ---------------- ##

ac_cv_build=armv7l-unknown-linux-gnueabihf
ac_cv_c_bigendian=no
ac_cv_c_compiler_gnu=yes
ac_cv_env_CC_set=
ac_cv_env_CC_value=
ac_cv_env_CFLAGS_set=
ac_cv_env_CFLAGS_value=
ac_cv_env_CPPFLAGS_set=
ac_cv_env_CPPFLAGS_value=
ac_cv_env_CPP_set=
ac_cv_env_CPP_value=
ac_cv_env_LDFLAGS_set=
ac_cv_env_LDFLAGS_value=
ac_cv_env_LIBS_set=
ac_cv_env_LIBS_value=
ac_cv_env_LT_SYS_LIBRARY_PATH_set=
ac_cv_env_LT_SYS_LIBRARY_PATH_value=
ac_cv_env_PKG_CONFIG_LIBDIR_set=
ac_cv_env_PKG_CONFIG_LIBDIR_value=
ac_cv_env_PKG_CONFIG_PATH_set=
ac_cv_env_PKG_CONFIG_PATH_value=
ac_cv_env_PKG_CONFIG_set=
ac_cv_env_PKG_CONFIG_value=
ac_cv_env_build_alias_set=
ac_cv_env_build_alias_value=
ac_cv_env_host_alias_set=
ac_cv_env_host_alias_value=
ac_cv_env_libusb_CFLAGS_set=
ac_cv_env_libusb_CFLAGS_value=
ac_cv_env_libusb_LIBS_set=
ac_cv_env_libusb_LIBS_value=
ac_cv_env_target_alias_set=
ac_cv_env_target_alias_value=
ac_cv_header_dlfcn_h=yes
ac_cv_header_inttypes_h=yes
ac_cv_header_memory_h=yes
ac_cv_header_stdc=yes
ac_cv_header_stdint_h=yes
ac_cv_header_stdlib_h=yes
ac_cv_header_string_h=yes
ac_cv_header_strings_h=yes
ac_cv_header_sys_stat_h=yes
ac_cv_header_sys_types_h=yes
ac_cv_header_unistd_h=yes
ac_cv_host=armv7l-unknown-linux-gnueabihf
ac_cv_objext=o
ac_cv_path_EGREP='/bin/grep -E'
ac_cv_path_FGREP='/bin/grep -F'
ac_cv_path_GREP=/bin/grep
ac_cv_path_SED=/bin/sed
ac_cv_path_ac_pt_PKG_CONFIG=/usr/bin/pkg-config
ac_cv_path_install='/usr/bin/install -c'
ac_cv_path_lt_DD=/bin/dd
ac_cv_path_mkdir=/bin/mkdir
ac_cv_prog_AWK=gawk
ac_cv_prog_CPP='gcc -E'
ac_cv_prog_ac_ct_AR=ar
ac_cv_prog_ac_ct_CC=gcc
ac_cv_prog_ac_ct_MANIFEST_TOOL=mt
ac_cv_prog_ac_ct_OBJDUMP=objdump
ac_cv_prog_ac_ct_RANLIB=ranlib
ac_cv_prog_ac_ct_STRIP=strip
ac_cv_prog_cc_c89=
ac_cv_prog_cc_g=yes
ac_cv_prog_make_make_set=yes
am_cv_CC_dependencies_compiler_type=gcc3
am_cv_ar_interface=ar
am_cv_make_support_nested_variables=yes
am_cv_prog_cc_c_o=yes
lt_cv_ar_at_file=@
lt_cv_archive_cmds_need_lc=no
lt_cv_deplibs_check_method=pass_all
lt_cv_file_magic_cmd='$MAGIC_CMD'
lt_cv_file_magic_test_file=
lt_cv_ld_reload_flag=-r
lt_cv_nm_interface='BSD nm'
lt_cv_objdir=.libs
lt_cv_path_LD=/usr/bin/ld
lt_cv_path_NM='/usr/bin/nm -B'
lt_cv_path_mainfest_tool=no
lt_cv_prog_compiler_c_o=yes
lt_cv_prog_compiler_pic='-fPIC -DPIC'
lt_cv_prog_compiler_pic_works=yes
lt_cv_prog_compiler_rtti_exceptions=no
lt_cv_prog_compiler_static_works=yes
lt_cv_prog_gnu_ld=yes
lt_cv_sharedlib_from_linklib_cmd='printf %s\n'
lt_cv_shlibpath_overrides_runpath=no
lt_cv_sys_global_symbol_pipe='sed -n -e '\''s/^.*[	 ]\([ABCDGIRSTW][ABCDGIRSTW]*\)[	 ][	 ]*\([_A-Za-z][_A-Za-z0-9]*\)$/\1 \2 \2/p'\'' | sed '\''/ __gnu_lto/d'\'''
lt_cv_sys_global_symbol_to_c_name_address='sed -n -e '\''s/^: \(.*\) .*$/  {"\1", (void *) 0},/p'\'' -e '\''s/^[ABCDGIRSTW][ABCDGIRSTW]* .* \(.*\)$/  {"\1", (void *) \&\1},/p'\'''
lt_cv_sys_global_symbol_to_c_name_address_lib_prefix='sed -n -e '\''s/^: \(.*\) .*$/  {"\1", (void *) 0},/p'\'' -e '\''s/^[ABCDGIRSTW][ABCDGIRSTW]* .* \(lib.*\)$/  {"\1", (void *) \&\1},/p'\'' -e '\''s/^[ABCDGIRSTW][ABCDGIRSTW]* .* \(.*\)$/  {"lib\1", (void *) \&\1},/p'\'''
lt_cv_sys_global_symbol_to_cdecl='sed -n -e '\''s/^T .* \(.*\)$/extern int \1();/p'\'' -e '\''s/^[ABCDGIRSTW][ABCDGIRSTW]* .* \(.*\)$/extern char \1;/p'\'''
lt_cv_sys_global_symbol_to_import=
lt_cv_sys_max_cmd_len=1572864
lt_cv_to_host_file_cmd=func_convert_file_noop
lt_cv_to_tool_file_cmd=func_convert_file_noop
lt_cv_truncate_bin='/bin/dd bs=4096 count=1'
pkg_cv_libusb_CFLAGS='-I/usr/include/libusb-1.0 '
pkg_cv_libusb_LIBS='-lusb-1.0 '

## ----------------- ##
## Output variables. ##
## ----------------- ##

ACLOCAL='${SHELL} /root/openocd-0.10.1/src/jtag/drivers/libjaylink/build-aux/missing aclocal-1.15'
AMDEPBACKSLASH='\'
AMDEP_FALSE='#'
AMDEP_TRUE=''
AMTAR='$${TAR-tar}'
AM_BACKSLASH='\'
AM_DEFAULT_V='$(AM_DEFAULT_VERBOSITY)'
AM_DEFAULT_VERBOSITY='1'
AM_LIBTOOLFLAGS='--silent'
AM_V='$(V)'
AR='ar'
AUTOCONF='${SHELL} /root/openocd-0.10.1/src/jtag/drivers/libjaylink/build-aux/missing autoconf'
AUTOHEADER='${SHELL} /root/openocd-0.10.1/src/jtag/drivers/libjaylink/build-aux/missing autoheader'
AUTOMAKE='${SHELL} /root/openocd-0.10.1/src/jtag/drivers/libjaylink/build-aux/missing automake-1.15'
AWK='gawk'
CC='gcc'
CCDEPMODE='depmode=gcc3'
CFLAGS='-g -O2'
CPP='gcc -E'
CPPFLAGS=''
CYGPATH_W='echo'
DEFS='-DHAVE_CONFIG_H'
DEPDIR='.deps'
DLLTOOL='false'
DSYMUTIL=''
DUMPBIN=''
ECHO_C=''
ECHO_N='-n'
ECHO_T=''
EGREP='/bin/grep -E'
EXEEXT=''
FGREP='/bin/grep -F'
GREP='/bin/grep'
INSTALL_DATA='${INSTALL} -m 644'
INSTALL_PROGRAM='${INSTALL}'
INSTALL_SCRIPT='${INSTALL}'
INSTALL_STRIP_PROGRAM='$(install_sh) -c -s'
JAYLINK_CFLAGS='-Wall -Wextra -Werror -fvisibility=hidden'
JAYLINK_LDFLAGS=''
JAYLINK_LIBS=''
JAYLINK_VERSION_LIBRARY='0:0:0'
JAYLINK_VERSION_LIBRARY_AGE='0'
JAYLINK_VERSION_LIBRARY_CURRENT='0'
JAYLINK_VERSION_LIBRARY_REVISION='0'
JAYLINK_VERSION_PACKAGE='0.1.0'
JAYLINK_VERSION_PACKAGE_MAJOR='0'
JAYLINK_VERSION_PACKAGE_MICRO='0'
JAYLINK_VERSION_PACKAGE_MINOR='1'
LD='/usr/bin/ld'
LDFLAGS=''
LIBOBJS=''
LIBS=''
LIBTOOL='$(SHELL) $(top_builddir)/libtool'
LIPO=''
LN_S='ln -s'
LTLIBOBJS=''
LT_SYS_LIBRARY_PATH=''
MAKEINFO='${SHELL} /root/openocd-0.10.1/src/jtag/drivers/libjaylink/build-aux/missing makeinfo'
MANIFEST_TOOL=':'
MKDIR_P='/bin/mkdir -p'
NM='/usr/bin/nm -B'
NMEDIT=''
OBJDUMP='objdump'
OBJEXT='o'
OTOOL64=''
OTOOL=''
PACKAGE='libjaylink'
PACKAGE_BUGREPORT='jaylink-dev@marcschink.de'
PACKAGE_NAME='libjaylink'
PACKAGE_STRING='libjaylink 0.1.0'
PACKAGE_TARNAME='libjaylink'
PACKAGE_URL='http://git.zapb.de/libjaylink.git'
PACKAGE_VERSION='0.1.0'
PATH_SEPARATOR=':'
PKG_CONFIG='/usr/bin/pkg-config'
PKG_CONFIG_LIBDIR=''
PKG_CONFIG_PATH=''
RANLIB='ranlib'
SED='/bin/sed'
SET_MAKE=''
SHELL='/bin/bash'
STRIP='strip'
SUBPROJECT_BUILD_FALSE='#'
SUBPROJECT_BUILD_TRUE=''
VERSION='0.1.0'
ac_ct_AR='ar'
ac_ct_CC='gcc'
ac_ct_DUMPBIN=''
am__EXEEXT_FALSE=''
am__EXEEXT_TRUE='#'
am__fastdepCC_FALSE='#'
am__fastdepCC_TRUE=''
am__include='include'
am__isrc=''
am__leading_dot='.'
am__nodep='_no'
am__quote=''
am__tar='$${TAR-tar} chof - "$$tardir"'
am__untar='$${TAR-tar} xf -'
bindir='${exec_prefix}/bin'
build='armv7l-unknown-linux-gnueabihf'
build_alias=''
build_cpu='armv7l'
build_os='linux-gnueabihf'
build_vendor='unknown'
datadir='${datarootdir}'
datarootdir='${prefix}/share'
docdir='${datarootdir}/doc/${PACKAGE_TARNAME}'
dvidir='${docdir}'
exec_prefix='${prefix}'
host='armv7l-unknown-linux-gnueabihf'
host_alias=''
host_cpu='armv7l'
host_os='linux-gnueabihf'
host_vendor='unknown'
htmldir='${docdir}'
includedir='${prefix}/include'
infodir='${datarootdir}/info'
install_sh='${SHELL} /root/openocd-0.10.1/src/jtag/drivers/libjaylink/build-aux/install-sh'
libdir='${exec_prefix}/lib'
libexecdir='${exec_prefix}/libexec'
libusb_CFLAGS='-I/usr/include/libusb-1.0 '
libusb_LIBS='-lusb-1.0 '
localedir='${datarootdir}/locale'
localstatedir='${prefix}/var'
mandir='${datarootdir}/man'
mkdir_p='$(MKDIR_P)'
oldincludedir='/usr/include'
pdfdir='${docdir}'
prefix='/usr/local'
program_transform_name='s,x,x,'
psdir='${docdir}'
sbindir='${exec_prefix}/sbin'
sharedstatedir='${prefix}/com'
sysconfdir='${prefix}/etc'
target_alias=''

## ----------- ##
## confdefs.h. ##
## ----------- ##

/* confdefs.h */
#define PACKAGE_NAME "libjaylink"
#define PACKAGE_TARNAME "libjaylink"
#define PACKAGE_VERSION "0.1.0"
#define PACKAGE_STRING "libjaylink 0.1.0"
#define PACKAGE_BUGREPORT "jaylink-dev@marcschink.de"
#define PACKAGE_URL "http://git.zapb.de/libjaylink.git"
#define PACKAGE "libjaylink"
#define VERSION "0.1.0"
#define STDC_HEADERS 1
#define HAVE_SYS_TYPES_H 1
#define HAVE_SYS_STAT_H 1
#define HAVE_STDLIB_H 1
#define HAVE_STRING_H 1
#define HAVE_MEMORY_H 1
#define HAVE_STRINGS_H 1
#define HAVE_INTTYPES_H 1
#define HAVE_STDINT_H 1
#define HAVE_UNISTD_H 1
#define HAVE_DLFCN_H 1
#define LT_OBJDIR ".libs/"

configure: exit 0
